================================================================================
ROD SOLVER PIPELINE LOG - COMPLETE REPL OUTPUT CAPTURE
================================================================================
Log file: logs\RodSolver_CompleteREPL_X05_Y00_mode2_20250827_184230.log
Start time: 2025-08-27T18:42:30.537
Julia version: 1.11.1
Working directory: c:\Users\josel\MATLAB\Projects\ClampedPinnedRodSolver
Capture mode: COMPLETE REPL OUTPUT CAPTURE
================================================================================
CONFIGURATION PARAMETERS:
================================================================================
ClampedRodConfig(1.0, 50, 1.0, 0.0, 0.0, 0.0, 0.0, 0.0, 0.5, 0.0, 2.0, 1, 360.0, 72, 72, 0.1, 150, 300, 1.0e-9, 0.85, true, true, "figures", "png", 300)
================================================================================
COMPLETE PIPELINE EXECUTION OUTPUT (ALL REPL OUTPUT):
================================================================================

============================================================
COMPLETE ROD SOLVER PIPELINE
============================================================
Configuration Parameters:
   ClampedRodConfig(1.0, 50, 1.0, 0.0, 0.0, 0.0, 0.0, 0.0, 0.5, 0.0, 2.0, 1, 360.0, 72, 72, 0.1, 150, 300, 1.0e-9, 0.85, true, true, "figures", "png", 300)

============================================================
STEP 1: Generating initial rod shape...
============================================================
ðŸ”„ Starting initial_rod_solver...
âœ“ Using provided configuration

âœ“ Input parameters loaded from configuration

=== CLAMPED ROD CONFIGURATION ===
Rod Geometry:
  - Length (L): 1.0 m
  - Grid Points (N): 50
  - Bending Rigidity (EI): 1.0
Clamped End Conditions:
  - Position: (0.0, 0.0) m
  - Orientation (Î¸): 0.0 rad
Linear Guide Parameters:
  - Angle (Î±): 0.0 rad
  - Length (Î»): 0.0 m
Pinned End Conditions:
  - Position: (0.5, 0.0) m
Solution Parameters:
  - Buckling Mode: 2.0
  - Solution Number: 1
Rotation Parameters:
  - Rotation Angle: 360.0 deg
  - Angular Steps: 72
  - Save at Step: 72
Grid Discretization:
  - Slope (kr density): 0.1
  - Nkr (kr points): 150
  - Npsi (psi points): 300
  - Epsilon (tolerance): 1.0e-9
Training Parameters:
  - Train Ratio: 0.85 (85% training, 15% testing)
Figure Saving Parameters:
  - Save Figures: true
  - Use Timestamped Folders: true
  - Base Path: figures
  - Format: png
  - DPI: 300
====================================

âœ“ Generated filename suffixes: X05, Y00

âœ“ Project root detected: c:\Users\josel\MATLAB\Projects\ClampedPinnedRodSolver 

âœ“ Setting MATLAB paths from: c:\Users\josel\MATLAB\Projects\ClampedPinnedRodSolver
âœ“ Normalized path for MATLAB: c:/Users/josel/MATLAB/Projects/ClampedPinnedRodSolver

âœ“ Generated timestamp for figures: 2025-08-27_18-42-30

âœ“ Dataset folder name: Rod_Shape

MATLAB engine initialized
Using project root: c:/Users/josel/MATLAB/Projects/ClampedPinnedRodSolver
âœ“ Created timestamped figures folder: 2025-08-27_18-42-30_mode_2_X05_Y00
MATLAB base path: c:\Users\josel\MATLAB\Projects\ClampedPinnedRodSolver\dataset\MATLAB code\Learning_Data_ClampedPinned_Rod_IK
Functions path: c:\Users\josel\MATLAB\Projects\ClampedPinnedRodSolver\dataset\MATLAB code\Learning_Data_ClampedPinned_Rod_IK\Find Initial Rod Shape
Figures will be saved to: c:\Users\josel\MATLAB\Projects\ClampedPinnedRodSolver\dataset\MATLAB code\Learning_Data_ClampedPinned_Rod_IK\Find Initial Rod Shape\Rod_Shape\Figures\2025-08-27_18-42-30_mode_2_X05_Y00

âœ“ MATLAB paths configured from project root
  Base: c:\Users\josel\MATLAB\Projects\ClampedPinnedRodSolver\dataset\MATLAB code\Learning_Data_ClampedPinned_Rod_IK
  Functions: c:\Users\josel\MATLAB\Projects\ClampedPinnedRodSolver\dataset\MATLAB code\Learning_Data_ClampedPinned_Rod_IK\Find Initial Rod Shape
  Sub-functions: c:\Users\josel\MATLAB\Projects\ClampedPinnedRodSolver\dataset\MATLAB code\Learning_Data_ClampedPinned_Rod_IK\Find Initial Rod Shape\Functions
âœ“ MATLAB paths and functions verified
âœ“ MATLAB input structures created

â³ Running elliptical integral solver...

Warning: Exported image displays axes toolbar. To remove axes toolbar from image, export again.

 Unrefined Solutions reached
______________________________________
For kr>0: psi =2.6126 kr =0.59448
For kr<0: psi =3.6706 kr =-0.59448

 Refined Solutions reached
______________________________________

 Newton-Raphson process Elliptic Successful 

______________________________________

 Refined Solution = 1
______________________________________
psi =2.6127 kr =0.59455

 Newton-Raphson process Elliptic Successful 

______________________________________

 Refined Solution = 2
______________________________________
psi =3.6705 kr =-0.59455
âœ“ Saved 2 individual solution plots to figures folder
âœ“ Saved multiple solutions plot to figures folder

 Refined Solution BVP = 1
______________________________________

 Newton-Raphson process Successful 

______________________________________

 Solution reached 
Theta_0 = 0.000000 [m]
Residue x_end   = 0.000001 [m]
Residue y_end   = -0.000000 [m]
Residue m_end   = -0.000011 [Nm]
Value nx_0 = -22.915564 [N]
Value ny_0 = 13.393821 [N]
Value m_0  = 6.696911 [Nm]
Number of principal Iterations   = 1.000000 

Saving solution 1 to: c:\Users\josel\MATLAB\Projects\ClampedPinnedRodSolver\dataset\MATLAB code\Learning_Data_ClampedPinned_Rod_IK\Find Initial Rod Shape\Rod_Shape\CLampedPinnedRod_sol_1_mode_2_X05_Y00

 Refined Solution BVP = 2
______________________________________

 Newton-Raphson process Successful 

______________________________________

 Solution reached 
Theta_0 = 0.000000 [m]
Residue x_end   = 0.000001 [m]
Residue y_end   = 0.000000 [m]
Residue m_end   = 0.000011 [Nm]
Value nx_0 = -22.915564 [N]
Value ny_0 = -13.393822 [N]
Value m_0  = -6.696911 [Nm]
Number of principal Iterations   = 1.000000 

Saving solution 2 to: c:\Users\josel\MATLAB\Projects\ClampedPinnedRodSolver\dataset\MATLAB code\Learning_Data_ClampedPinned_Rod_IK\Find Initial Rod Shape\Rod_Shape\CLampedPinnedRod_sol_2_mode_2_X05_Y00


=== FIGURES SAVED ===
All plots saved to: c:\Users\josel\MATLAB\Projects\ClampedPinnedRodSolver\dataset\MATLAB code\Learning_Data_ClampedPinned_Rod_IK\Find Initial Rod Shape\Rod_Shape\Figures\2025-08-27_18-42-30_mode_2_X05_Y00

=== DATA FILES SAVED ===
All .mat files have been saved to TWO locations:
1. Primary location: c:\Users\josel\MATLAB\Projects\ClampedPinnedRodSolver\dataset\MATLAB code\Learning_Data_ClampedPinned_Rod_IK\Find Initial Rod Shape\Rod_Shape
2. Rotate Clamp location: c:\Users\josel\MATLAB\Projects\ClampedPinnedRodSolver\dataset\MATLAB code\Learning_Data_ClampedPinned_Rod_IK\Rotate_Clamp\Rotated_Clamp

=== MATLAB SOLVER RESULTS ===
âœ“ Solution computed successfully
Number of solutions found: 2.0
âœ… Initial rod shape generated successfully

============================================================
STEP 2: Generating rotation learning data...
============================================================
ðŸ”„ Starting clamp_fixed_rod_solver...
âœ“ Using provided configuration

âœ“ Input parameters loaded from configuration
=== CLAMPED ROD CONFIGURATION ===
Rod Geometry:
  - Length (L): 1.0 m
  - Grid Points (N): 50
  - Bending Rigidity (EI): 1.0
Clamped End Conditions:
  - Position: (0.0, 0.0) m
  - Orientation (Î¸): 0.0 rad
Linear Guide Parameters:
  - Angle (Î±): 0.0 rad
  - Length (Î»): 0.0 m
Pinned End Conditions:
  - Position: (0.5, 0.0) m
Solution Parameters:
  - Buckling Mode: 2.0
  - Solution Number: 1
Rotation Parameters:
  - Rotation Angle: 360.0 deg
  - Angular Steps: 72
  - Save at Step: 72
Grid Discretization:
  - Slope (kr density): 0.1
  - Nkr (kr points): 150
  - Npsi (psi points): 300
  - Epsilon (tolerance): 1.0e-9
Training Parameters:
  - Train Ratio: 0.85 (85% training, 15% testing)
Figure Saving Parameters:
  - Save Figures: true
  - Use Timestamped Folders: true
  - Base Path: figures
  - Format: png
  - DPI: 300
====================================

âœ“ Project root detected: c:\Users\josel\MATLAB\Projects\ClampedPinnedRodSolver 

âœ“ Setting MATLAB paths from: c:\Users\josel\MATLAB\Projects\ClampedPinnedRodSolver
âœ“ Normalized path for MATLAB: c:/Users/josel/MATLAB/Projects/ClampedPinnedRodSolver

âœ“ Generated timestamp for figures: 2025-08-27_18-43-24
ðŸ”„ Ensuring clean MATLAB environment...
ðŸ§¹ Cleaning existing MATLAB session variables...
âœ“ MATLAB session cleaned (variables cleared, session kept alive)
âœ“ MATLAB session cleaned successfully
ðŸ”„ Initializing fresh MATLAB engine...
Attempt 1/5: Testing MATLAB engine...
MATLAB engine initialized successfully
âœ“ MATLAB engine initialized successfully
ðŸ”„ Starting MATLAB solver execution...
Using project root: c:/Users/josel/MATLAB/Projects/ClampedPinnedRodSolver
âœ“ Created figures folder: c:\Users\josel\MATLAB\Projects\ClampedPinnedRodSolver\dataset\MATLAB code\Learning_Data_ClampedPinned_Rod_IK\Rotate_Clamp\Rotated_Clamp\Figures\2025-08-27_18-43-24_mode_2_X05_Y00
Project root: c:/Users/josel/MATLAB/Projects/ClampedPinnedRodSolver
Data folder: c:\Users\josel\MATLAB\Projects\ClampedPinnedRodSolver\dataset\MATLAB code\Learning_Data_ClampedPinned_Rod_IK\Rotate_Clamp\Rotated_Clamp
Figures will be saved to: c:\Users\josel\MATLAB\Projects\ClampedPinnedRodSolver\dataset\MATLAB code\Learning_Data_ClampedPinned_Rod_IK\Rotate_Clamp\Rotated_Clamp\Figures\2025-08-27_18-43-24_mode_2_X05_Y00
âœ“ Added Rotate Clamp path to MATLAB
âœ“ Added Rotate Clamp Functions path to MATLAB

âœ“ MATLAB paths configured from project root
  Base: c:\Users\josel\MATLAB\Projects\ClampedPinnedRodSolver\dataset\MATLAB code\Learning_Data_ClampedPinned_Rod_IK
  Rotate Clamp: c:\Users\josel\MATLAB\Projects\ClampedPinnedRodSolver\dataset\MATLAB code\Learning_Data_ClampedPinned_Rod_IK\Rotate_Clamp
  Data folder: c:\Users\josel\MATLAB\Projects\ClampedPinnedRodSolver\dataset\MATLAB code\Learning_Data_ClampedPinned_Rod_IK\Rotate_Clamp\Rotated_Clamp
âœ“ MATLAB paths and functions verified
Checking for rod data file: CLampedPinnedRod_sol_1_mode_2_X05_Y00.mat
Current directory: C:\Users\josel\MATLAB\Projects\ClampedPinnedRodSolver
âœ“ Found rod data file in: c:\Users\josel\MATLAB\Projects\ClampedPinnedRodSolver\dataset\MATLAB code\Learning_Data_ClampedPinned_Rod_IK\Rotate_Clamp\Rotated_Clamp
âœ“ Rod data file verified
Loading rod structure from: CLampedPinnedRod_sol_1_mode_2_X05_Y00.mat
âœ“ Saved loaded rod plot to figures folder
âœ“ Saved theta vs s plot to figures folder
âœ“ Saved curvature vs s plot to figures folder
âœ“ Saved curvature vs theta plot to figures folder
ðŸ”„ Starting MATLAB solver execution...
âœ“ Found required rod data file: CLampedPinnedRod_sol_1_mode_2_X05_Y00.mat
â³ Running solver...
Changed directory to: C:\Users\josel\MATLAB\Projects\ClampedPinnedRodSolver\dataset\MATLAB code\Learning_Data_ClampedPinned_Rod_IK\Rotate_Clamp\Rotated_Clamp
Reloading rod structure from: CLampedPinnedRod_sol_1_mode_2_X05_Y00.mat
âœ“ Rod data loaded successfully
 Starting computational loop: 73 iterations
 Memory management: clearing variables every 10 iterations

                                             Norm of      First-order   Trust-region
 Iteration  Func-count     ||f(x)||^2           step       optimality         radius
     0          4         1.12557e-10                        1.99e-05              1
     1          8         2.86801e-25    3.60839e-05         5.77e-13              1

Equation solved.

fsolve completed because the vector of function values is near zero
as measured by the value of the function tolerance, and
the problem appears regular as measured by the gradient.

Iteration: 1

                                             Norm of      First-order   Trust-region
 Iteration  Func-count     ||f(x)||^2           step       optimality         radius
     0          4          0.00190265                         0.00677              1
     1          8         0.000684563              1           0.0158              1
     2         12         0.000152257        1.22924           0.0228            2.5
     3         16         2.81098e-10      0.0597019            3e-05            2.5
     4         20         1.06611e-19    0.000207957         6.05e-10            2.5

Equation solved.

fsolve completed because the vector of function values is near zero
as measured by the value of the function tolerance, and
the problem appears regular as measured by the gradient.

Iteration: 2

                                             Norm of      First-order   Trust-region
 Iteration  Func-count     ||f(x)||^2           step       optimality         radius
     0          4          0.00190265                         0.00678              1
     1          8         0.000633913              1           0.0153              1
     2         12         9.82024e-05        1.11906            0.018            2.5
     3         16         1.77034e-10      0.0521805         2.34e-05            2.5
     4         20          3.6851e-20    0.000160911         3.49e-10            2.5

Equation solved.

fsolve completed because the vector of function values is near zero
as measured by the value of the function tolerance, and
the problem appears regular as measured by the gradient.

Iteration: 3

                                             Norm of      First-order   Trust-region
 Iteration  Func-count     ||f(x)||^2           step       optimality         radius
     0          4          0.00190265                         0.00678              1
     1          8         0.000581655              1           0.0146              1
     2         12         6.07875e-05        1.01422           0.0138            2.5
     3         16         1.07237e-10      0.0452467         1.78e-05            2.5
     4         20         1.16392e-20    0.000122548         1.92e-10            2.5

Equation solved.

fsolve completed because the vector of function values is near zero
as measured by the value of the function tolerance, and
the problem appears regular as measured by the gradient.

Iteration: 4

                                             Norm of      First-order   Trust-region
 Iteration  Func-count     ||f(x)||^2           step       optimality         radius
     0          4          0.00190265                         0.00677              1
     1          8         0.000527858              1           0.0139              1
     2         12         3.57613e-05       0.914337           0.0103            2.5
     3         16         6.22544e-11      0.0388687         1.33e-05            2.5
     4         20         3.63558e-21    9.15896e-05         1.05e-10            2.5

Equation solved.

fsolve completed because the vector of function values is near zero
as measured by the value of the function tolerance, and
the problem appears regular as measured by the gradient.

Iteration: 5

                                             Norm of      First-order   Trust-region
 Iteration  Func-count     ||f(x)||^2           step       optimality         radius
     0          4          0.00190265                         0.00675              1
     1          8         0.000472632              1            0.013              1
     2         12         1.97167e-05        0.81907          0.00744            2.5
     3         16         3.44542e-11      0.0330167         9.62e-06            2.5
     4         20         8.72167e-22    6.69202e-05         4.99e-11            2.5

Equation solved.

fsolve completed because the vector of function values is near zero
as measured by the value of the function tolerance, and
the problem appears regular as measured by the gradient.

Iteration: 6

                                             Norm of      First-order   Trust-region
 Iteration  Func-count     ||f(x)||^2           step       optimality         radius
     0          4          0.00190265                         0.00672              1
     1          8         0.000416147              1           0.0119              1
     2         12         9.97834e-06       0.728113           0.0051            2.5
     3         16         1.80383e-11      0.0276613         6.77e-06            2.5
     4         20           1.986e-22    4.75467e-05         2.31e-11            2.5

Equation solved.

fsolve completed because the vector of function values is near zero
as measured by the value of the function tolerance, and
the problem appears regular as measured by the gradient.

Iteration: 7

                                             Norm of      First-order   Trust-region
 Iteration  Func-count     ||f(x)||^2           step       optimality         radius
     0          4          0.00190265                         0.00669              1
     1          8         0.000358679              1           0.0108              1
     2         12         4.48992e-06       0.641205          0.00325            2.5
     3         16         8.83247e-12      0.0227776          4.6e-06            2.5
     4         20         3.27768e-23    3.26226e-05            9e-12            2.5

Equation solved.

fsolve completed because the vector of function values is near zero
as measured by the value of the function tolerance, and
the problem appears regular as measured by the gradient.

Iteration: 8

                                             Norm of      First-order   Trust-region
 Iteration  Func-count     ||f(x)||^2           step       optimality         radius
     0          4          0.00190265                         0.00665              1
     1          8         0.000300672              1          0.00945              1
     2         12         1.70984e-06       0.558143          0.00185            2.5
     3         16         3.97375e-12      0.0183437         2.99e-06            2.5
     4         20         3.68882e-24    2.13967e-05         2.87e-12            2.5

Equation solved.

fsolve completed because the vector of function values is near zero
as measured by the value of the function tolerance, and
the problem appears regular as measured by the gradient.

Iteration: 9
âœ“ Progress: 10/73 iterations (13.7%)

                                             Norm of      First-order   Trust-region
 Iteration  Func-count     ||f(x)||^2           step       optimality         radius
     0          4          0.00190265                         0.00661              1
     1          8         0.000242843              1          0.00793              1
     2         12         5.20397e-07       0.478798         0.000831            2.5
     3         16         1.59887e-12      0.0143441         1.84e-06            2.5
     4         20         4.68429e-25    1.32214e-05         9.36e-13            2.5

Equation solved.

fsolve completed because the vector of function values is near zero
as measured by the value of the function tolerance, and
the problem appears regular as measured by the gradient.

Iteration: 10

                                             Norm of      First-order   Trust-region
 Iteration  Func-count     ||f(x)||^2           step       optimality         radius
     0          4          0.00190265                         0.00657              1
     1          8         0.000186347              1           0.0062              1
     2         12         1.49062e-07       0.403158         0.000152            2.5
     3         16         5.50599e-13       0.010771         1.04e-06            2.5
     4         20         1.89444e-26    7.52563e-06         1.14e-14            2.5

Equation solved.

fsolve completed because the vector of function values is near zero
as measured by the value of the function tolerance, and
the problem appears regular as measured by the gradient.

Iteration: 11

                                             Norm of      First-order   Trust-region
 Iteration  Func-count     ||f(x)||^2           step       optimality         radius
     0          4          0.00190265                         0.00653              1
     1          8         0.000133053              1          0.00423              1
     2         12         1.03689e-07       0.331401         0.000238            2.5
     3         16         1.50456e-13     0.00762752         5.23e-07            2.5

Equation solved.

fsolve completed because the vector of function values is near zero
as measured by the value of the function tolerance, and
the problem appears regular as measured by the gradient.

Iteration: 12

                                             Norm of      First-order   Trust-region
 Iteration  Func-count     ||f(x)||^2           step       optimality         radius
     0          4          0.00190266                         0.00649              1
     1          8         8.59858e-05              1          0.00196              1
     2         12         1.15984e-07       0.264068         0.000391            2.5
     3         16         2.83878e-14     0.00493083         2.18e-07            2.5

Equation solved.

fsolve completed because the vector of function values is near zero
as measured by the value of the function tolerance, and
the problem appears regular as measured by the gradient.

Iteration: 13

                                             Norm of      First-order   Trust-region
 Iteration  Func-count     ||f(x)||^2           step       optimality         radius
     0          4          0.00190265                         0.00646              1
     1          8         5.00341e-05              1         0.000633              1
     2         12         8.77227e-08       0.202465         0.000362            2.5
     3         16         2.72042e-15     0.00271458         6.44e-08            2.5

Equation solved.

fsolve completed because the vector of function values is near zero
as measured by the value of the function tolerance, and
the problem appears regular as measured by the gradient.

Iteration: 14

                                             Norm of      First-order   Trust-region
 Iteration  Func-count     ||f(x)||^2           step       optimality         radius
     0          4          0.00190265                         0.00645              1
     1          8         3.31467e-05              1          0.00359              1
     2         12         3.16266e-08       0.149807         0.000216            2.5
     3         16         4.94686e-17     0.00103185         8.13e-09            2.5

Equation solved.

fsolve completed because the vector of function values is near zero
as measured by the value of the function tolerance, and
the problem appears regular as measured by the gradient.

Iteration: 15

                                             Norm of      First-order   Trust-region
 Iteration  Func-count     ||f(x)||^2           step       optimality         radius
     0          4          0.00190265                         0.00644              1
     1          8         4.82287e-05              1          0.00693              1
     2         12         5.92463e-10       0.113815         2.74e-05            2.5
     3         16         6.26928e-19     0.00021253         8.94e-10            2.5

Equation solved.

fsolve completed because the vector of function values is near zero
as measured by the value of the function tolerance, and
the problem appears regular as measured by the gradient.

Iteration: 16

                                             Norm of      First-order   Trust-region
 Iteration  Func-count     ||f(x)||^2           step       optimality         radius
     0          4          0.00190265                         0.00645              1
     1          8         0.000113476       0.995953           0.0106              1
     2         12         1.10523e-08       0.106075         0.000109           2.49
     3         16         1.84973e-17    0.000788061         4.13e-09           2.49

Equation solved.

fsolve completed because the vector of function values is near zero
as measured by the value of the function tolerance, and
the problem appears regular as measured by the gradient.

Iteration: 17

                                             Norm of      First-order   Trust-region
 Iteration  Func-count     ||f(x)||^2           step       optimality         radius
     0          4          0.00190265                         0.00648              1
     1          8          0.00018049       0.931942           0.0128              1
     2         12         1.26603e-08       0.104087         0.000108           2.33
     3         16          3.3543e-17      0.0007649         5.43e-09           2.33

Equation solved.

fsolve completed because the vector of function values is near zero
as measured by the value of the function tolerance, and
the problem appears regular as measured by the gradient.

Iteration: 18

                                             Norm of      First-order   Trust-region
 Iteration  Func-count     ||f(x)||^2           step       optimality         radius
     0          4          0.00190265                         0.00653              1
     1          8          0.00026636       0.871066           0.0143              1
     2         12         1.47952e-08       0.102517         0.000106              1
     3         16         5.33893e-17    0.000749576         6.35e-09              1

Equation solved.

fsolve completed because the vector of function values is near zero
as measured by the value of the function tolerance, and
the problem appears regular as measured by the gradient.

Iteration: 19
âœ“ Progress: 20/73 iterations (27.4%)
 Memory cleanup at iteration 20

                                             Norm of      First-order   Trust-region
 Iteration  Func-count     ||f(x)||^2           step       optimality         radius
     0          4          0.00190265                         0.00661              1
     1          8         0.000372017       0.813905           0.0151              1
     2         12         1.75637e-08       0.101356         0.000102              1
     3         16         8.20866e-17    0.000742332         7.03e-09              1

Equation solved.

fsolve completed because the vector of function values is near zero
as measured by the value of the function tolerance, and
the problem appears regular as measured by the gradient.

Iteration: 20

                                             Norm of      First-order   Trust-region
 Iteration  Func-count     ||f(x)||^2           step       optimality         radius
     0          4          0.00190265                         0.00671              1
     1          8          0.00049848       0.761276           0.0149              1
     2         12         2.10756e-08       0.100596         9.49e-05              1
     3         16         1.24786e-16    0.000743268         7.39e-09              1

Equation solved.

fsolve completed because the vector of function values is near zero
as measured by the value of the function tolerance, and
the problem appears regular as measured by the gradient.

Iteration: 21

                                             Norm of      First-order   Trust-region
 Iteration  Func-count     ||f(x)||^2           step       optimality         radius
     0          4          0.00190265                         0.00685              1
     1          8          0.00064674       0.714278           0.0136              1
     2         12         2.54599e-08       0.100228         8.27e-05              1
     3         16         1.83284e-16    0.000752338         7.14e-09              1

Equation solved.

fsolve completed because the vector of function values is near zero
as measured by the value of the function tolerance, and
the problem appears regular as measured by the gradient.

Iteration: 22

                                             Norm of      First-order   Trust-region
 Iteration  Func-count     ||f(x)||^2           step       optimality         radius
     0          4          0.00190265                         0.00703              1
     1          8         0.000817532       0.674312           0.0123              1
     2         12         3.08195e-08       0.100242         7.51e-05              1
     3         16         2.65646e-16    0.000769613         6.98e-09              1

Equation solved.

fsolve completed because the vector of function values is near zero
as measured by the value of the function tolerance, and
the problem appears regular as measured by the gradient.

Iteration: 23

                                             Norm of      First-order   Trust-region
 Iteration  Func-count     ||f(x)||^2           step       optimality         radius
     0          4          0.00190265                         0.00724              1
     1          8          0.00101103       0.643041           0.0136              1
     2         12         3.72332e-08       0.100629         8.18e-05              1
     3         16         3.76023e-16    0.000794532         8.23e-09              1

Equation solved.

fsolve completed because the vector of function values is near zero
as measured by the value of the function tolerance, and
the problem appears regular as measured by the gradient.

Iteration: 24

                                             Norm of      First-order   Trust-region
 Iteration  Func-count     ||f(x)||^2           step       optimality         radius
     0          4          0.00190265                          0.0075              1
     1          8          0.00122648        0.62226           0.0149              1
     2         12         4.47288e-08       0.101381         8.93e-05              1
     3         16         5.28136e-16    0.000826451         9.73e-09              1

Equation solved.

fsolve completed because the vector of function values is near zero
as measured by the value of the function tolerance, and
the problem appears regular as measured by the gradient.

Iteration: 25

                                             Norm of      First-order   Trust-region
 Iteration  Func-count     ||f(x)||^2           step       optimality         radius
     0          4          0.00190265                         0.00782              1
     1          8          0.00146174       0.613639           0.0171              1
     2         12         5.31996e-08       0.102489         0.000104              1
     3         16         7.19227e-16    0.000864264         1.22e-08              1

Equation solved.

fsolve completed because the vector of function values is near zero
as measured by the value of the function tolerance, and
the problem appears regular as measured by the gradient.

Iteration: 26

                                             Norm of      First-order   Trust-region
 Iteration  Func-count     ||f(x)||^2           step       optimality         radius
     0          4          0.00190265                         0.00818              1
     1          8           0.0017127       0.618391           0.0231              1
     2         12         6.23884e-08       0.103944         0.000143              1
     3         16         9.66539e-16     0.00090627         1.78e-08              1

Equation solved.

fsolve completed because the vector of function values is near zero
as measured by the value of the function tolerance, and
the problem appears regular as measured by the gradient.

Iteration: 27

                                             Norm of      First-order   Trust-region
 Iteration  Func-count     ||f(x)||^2           step       optimality         radius
     0          4          0.00190265                         0.00861              1
     1          5          0.00190265       0.636993          0.00861              1
     2          9          0.00107215       0.159248          0.00661          0.159
     3         13          0.00023249       0.398121          0.00967          0.398
     4         17         2.49504e-06       0.174387          0.00143          0.398
     5         21         9.92815e-14     0.00346154         2.87e-07          0.436

Equation solved.

fsolve completed because the vector of function values is near zero
as measured by the value of the function tolerance, and
the problem appears regular as measured by the gradient.

Iteration: 28

                                             Norm of      First-order   Trust-region
 Iteration  Func-count     ||f(x)||^2           step       optimality         radius
     0          4          0.00190265                          0.0091              1
     1          5          0.00190265       0.669109           0.0091              1
     2          9           0.0010834       0.167277          0.00527          0.167
     3         13         0.000296726       0.418193           0.0173          0.418
     4         17         2.89153e-06        0.18311          0.00221          0.418
     5         21         1.21287e-13     0.00360151         4.54e-07          0.458

Equation solved.

fsolve completed because the vector of function values is near zero
as measured by the value of the function tolerance, and
the problem appears regular as measured by the gradient.

Iteration: 29
âœ“ Progress: 30/73 iterations (41.1%)

                                             Norm of      First-order   Trust-region
 Iteration  Func-count     ||f(x)||^2           step       optimality         radius
     0          4          0.00190265                         0.00966              1
     1          5          0.00190265       0.713748          0.00966              1
     2          9          0.00108791       0.178437          0.00499          0.178
     3         13         0.000344678       0.446092           0.0265          0.446
     4         17          3.2097e-06       0.192915          0.00314          0.446
     5         21         1.35389e-13     0.00368305         6.46e-07          0.482

Equation solved.

fsolve completed because the vector of function values is near zero
as measured by the value of the function tolerance, and
the problem appears regular as measured by the gradient.

Iteration: 30

                                             Norm of      First-order   Trust-region
 Iteration  Func-count     ||f(x)||^2           step       optimality         radius
     0          4          0.00190265                          0.0103              1
     1          5          0.00190265       0.769549           0.0103              1
     2          9          0.00108984       0.192387          0.00654          0.192
     3         13         0.000383418       0.480968           0.0376          0.481
     4         17         3.45868e-06       0.203285          0.00424          0.481
     5         21         1.42366e-13     0.00373824         8.61e-07          0.508

Equation solved.

fsolve completed because the vector of function values is near zero
as measured by the value of the function tolerance, and
the problem appears regular as measured by the gradient.

Iteration: 31

                                             Norm of      First-order   Trust-region
 Iteration  Func-count     ||f(x)||^2           step       optimality         radius
     0          4          0.00190265                           0.011              1
     1          5          0.00190265       0.835064            0.011              1
     2          9           0.0010906       0.208766          0.00838          0.209
     3         13         0.000414449       0.521915           0.0506          0.522
     4         17         3.64266e-06       0.214205          0.00551          0.522
     5         21         1.42275e-13     0.00378411         1.09e-06          0.536
     6         25         1.31555e-27    1.32918e-06         1.04e-13          0.536

Equation solved.

fsolve completed because the vector of function values is near zero
as measured by the value of the function tolerance, and
the problem appears regular as measured by the gradient.

Iteration: 32

                                             Norm of      First-order   Trust-region
 Iteration  Func-count     ||f(x)||^2           step       optimality         radius
     0          4          0.00190265                          0.0118              1
     1          5          0.00190265       0.908932           0.0118              1
     2          9          0.00109066       0.227233           0.0104          0.227
     3         13          0.00043617       0.568082           0.0655          0.568
     4         17         3.76589e-06       0.225705          0.00696          0.568
     5         21         1.37168e-13     0.00383268         1.33e-06          0.568
     6         25         1.62557e-26    1.31772e-06         4.57e-13          0.568

Equation solved.

fsolve completed because the vector of function values is near zero
as measured by the value of the function tolerance, and
the problem appears regular as measured by the gradient.

Iteration: 33

                                             Norm of      First-order   Trust-region
 Iteration  Func-count     ||f(x)||^2           step       optimality         radius
     0          4          0.00190265                          0.0127              1
     1          5          0.00190265       0.989965           0.0127              1
     2          9          0.00109016       0.247491           0.0127          0.247
     3         13         0.000445183       0.618728           0.0817          0.619
     4         17         3.82937e-06       0.237799          0.00858          0.619
     5         21          1.2506e-13     0.00389252         1.55e-06          0.619
     6         25         2.49257e-26    1.29656e-06         6.92e-13          0.619

Equation solved.

fsolve completed because the vector of function values is near zero
as measured by the value of the function tolerance, and
the problem appears regular as measured by the gradient.

Iteration: 34

                                             Norm of      First-order   Trust-region
 Iteration  Func-count     ||f(x)||^2           step       optimality         radius
     0          4          0.00190265                          0.0137              1
     1          5          0.00190265              1           0.0137              1
     2          9          0.00113642           0.25           0.0128           0.25
     3         13         0.000384745          0.625           0.0836          0.625
     4         17         1.18261e-05       0.314866           0.0182          0.625
     5         21         1.00853e-12      0.0069901         5.32e-06          0.787
     6         25         1.27018e-26    3.83716e-06         5.92e-13          0.787

Equation solved.

fsolve completed because the vector of function values is near zero
as measured by the value of the function tolerance, and
the problem appears regular as measured by the gradient.

Iteration: 35

                                             Norm of      First-order   Trust-region
 Iteration  Func-count     ||f(x)||^2           step       optimality         radius
     0          4          0.00190265                          0.0147              1
     1          8           0.0013313              1            0.217              1
     2         12         3.55276e-06       0.289976           0.0119              1
     3         16         8.38007e-14     0.00407911         1.83e-06              1
     4         20         9.34522e-28    1.25922e-06         1.85e-13              1

Equation solved.

fsolve completed because the vector of function values is near zero
as measured by the value of the function tolerance, and
the problem appears regular as measured by the gradient.

Iteration: 36

                                             Norm of      First-order   Trust-region
 Iteration  Func-count     ||f(x)||^2           step       optimality         radius
     0          4          0.00190265                          0.0159              1
     1          8         0.000853348              1            0.194              1
     2         12         1.29371e-05        0.38431            0.027              1
     3         16         8.34025e-13     0.00789134         6.85e-06              1
     4         20         8.07054e-25     4.2104e-06         6.74e-12              1

Equation solved.

fsolve completed because the vector of function values is near zero
as measured by the value of the function tolerance, and
the problem appears regular as measured by the gradient.

Iteration: 37

                                             Norm of      First-order   Trust-region
 Iteration  Func-count     ||f(x)||^2           step       optimality         radius
     0          4          0.00190265                          0.0172              1
     1          8         0.000550085              1            0.163              1
     2         12         2.66442e-05       0.482027           0.0454              1
     3         16         1.96636e-12      0.0126956         1.23e-05           1.21
     4         20          1.6814e-23    9.02092e-06         3.62e-11           1.21

Equation solved.

fsolve completed because the vector of function values is near zero
as measured by the value of the function tolerance, and
the problem appears regular as measured by the gradient.

Iteration: 38

                                             Norm of      First-order   Trust-region
 Iteration  Func-count     ||f(x)||^2           step       optimality         radius
     0          4          0.00190265                          0.0185              1
     1          8         0.000382873              1            0.121              1
     2         12         3.79377e-05       0.582849           0.0632              1
     3         16         1.75308e-13      0.0182199         3.99e-06           1.46
     4         20         1.49108e-23    1.48746e-05         3.97e-11           1.46

Equation solved.

fsolve completed because the vector of function values is near zero
as measured by the value of the function tolerance, and
the problem appears regular as measured by the gradient.

Iteration: 39
âœ“ Progress: 40/73 iterations (54.8%)
 Memory cleanup at iteration 40

                                             Norm of      First-order   Trust-region
 Iteration  Func-count     ||f(x)||^2           step       optimality         radius
     0          4          0.00190265                          0.0199              1
     1          8         0.000321681              1           0.0677              1
     2         12         3.82083e-05       0.686501           0.0734            2.5
     3         16         1.92984e-11      0.0242622         5.23e-05            2.5
     4         20         1.03968e-22    2.09723e-05         1.22e-10            2.5

Equation solved.

fsolve completed because the vector of function values is near zero
as measured by the value of the function tolerance, and
the problem appears regular as measured by the gradient.

Iteration: 40

                                             Norm of      First-order   Trust-region
 Iteration  Func-count     ||f(x)||^2           step       optimality         radius
     0          4          0.00190265                          0.0215              1
     1          8          0.00034336              1           0.0015              1
     2         12         2.34438e-05       0.792693           0.0659            2.5
     3         16         2.60229e-10      0.0306692         0.000221            2.5
     4         20         2.68057e-22    2.83099e-05         2.24e-10            2.5

Equation solved.

fsolve completed because the vector of function values is near zero
as measured by the value of the function tolerance, and
the problem appears regular as measured by the gradient.

Iteration: 41

                                             Norm of      First-order   Trust-region
 Iteration  Func-count     ||f(x)||^2           step       optimality         radius
     0          4          0.00190265                          0.0231              1
     1          8         0.000429715              1           0.0786              1
     2         12         3.31501e-06       0.901119           0.0272            2.5
     3         16         1.49621e-09      0.0373212         0.000606            2.5
     4         20          6.1264e-21    4.18778e-05         1.23e-09            2.5

Equation solved.

fsolve completed because the vector of function values is near zero
as measured by the value of the function tolerance, and
the problem appears regular as measured by the gradient.

Iteration: 42

                                             Norm of      First-order   Trust-region
 Iteration  Func-count     ||f(x)||^2           step       optimality         radius
     0          4          0.00190265                          0.0247              1
     1          8         0.000565885              1            0.173              1
     2         12         1.16644e-05        1.01146           0.0596            2.5
     3         16          5.8282e-09      0.0441201          0.00136           2.53
     4         20         8.40163e-20    7.09519e-05         5.15e-09           2.53

Equation solved.

fsolve completed because the vector of function values is near zero
as measured by the value of the function tolerance, and
the problem appears regular as measured by the gradient.

Iteration: 43

                                             Norm of      First-order   Trust-region
 Iteration  Func-count     ||f(x)||^2           step       optimality         radius
     0          4          0.00190265                          0.0264              1
     1          8         0.000739059              1            0.283              1
     2         12         7.96164e-05              1            0.167              1
     3         16         4.61622e-08       0.166472           0.0043              1
     4         20         1.99008e-16     0.00114583         2.83e-07              1

Equation solved.

fsolve completed because the vector of function values is near zero
as measured by the value of the function tolerance, and
the problem appears regular as measured by the gradient.

Iteration: 44

                                             Norm of      First-order   Trust-region
 Iteration  Func-count     ||f(x)||^2           step       optimality         radius
     0          4          0.00190265                          0.0281              1
     1          8          0.00093756              1            0.406              1
     2         12         0.000199572              1            0.292              1
     3         16         2.70063e-08       0.281853          0.00359              1
     4         20         9.40399e-14     0.00311093         6.88e-06              1
     5         24         2.69837e-27    2.93444e-07         1.16e-12              1

Equation solved.

fsolve completed because the vector of function values is near zero
as measured by the value of the function tolerance, and
the problem appears regular as measured by the gradient.

Iteration: 45

                                             Norm of      First-order   Trust-region
 Iteration  Func-count     ||f(x)||^2           step       optimality         radius
     0          4          0.00190265                          0.0299              1
     1          8          0.00115014              1            0.542              1
     2         12         0.000358305              1            0.431              1
     3         16         2.03045e-06       0.397637           0.0355              1
     4         20         2.63575e-12       0.005822         4.05e-05              1
     5         24         1.53454e-25    1.65607e-06         9.76e-12              1

Equation solved.

fsolve completed because the vector of function values is near zero
as measured by the value of the function tolerance, and
the problem appears regular as measured by the gradient.

Iteration: 46

                                             Norm of      First-order   Trust-region
 Iteration  Func-count     ||f(x)||^2           step       optimality         radius
     0          4          0.00190265                          0.0315              1
     1          8          0.00136589              1            0.687              1
     2         12         0.000542606              1            0.583              1
     3         16         1.51642e-05       0.513371            0.107              1
     4         20         2.71845e-11     0.00911732         0.000143           1.28
     5         24         2.16795e-24    6.28577e-06         4.05e-11           1.28

Equation solved.

fsolve completed because the vector of function values is near zero
as measured by the value of the function tolerance, and
the problem appears regular as measured by the gradient.

Iteration: 47

                                             Norm of      First-order   Trust-region
 Iteration  Func-count     ||f(x)||^2           step       optimality         radius
     0          4          0.00190265                          0.0332              1
     1          8           0.0015742              1            0.837              1
     2         12         0.000738668              1            0.741              1
     3         16         6.06378e-05       0.628752            0.234              1
     4         20         1.60193e-10      0.0128547         0.000381           1.57
     5         24         2.88096e-23    1.82301e-05         1.62e-10           1.57

Equation solved.

fsolve completed because the vector of function values is near zero
as measured by the value of the function tolerance, and
the problem appears regular as measured by the gradient.

Iteration: 48

                                             Norm of      First-order   Trust-region
 Iteration  Func-count     ||f(x)||^2           step       optimality         radius
     0          4          0.00190265                          0.0347              1
     1          8           0.0017643              1            0.988              1
     2         12          0.00093367              1            0.902              1
     3         16         0.000174372       0.743496            0.431              1
     4         20         6.55704e-10      0.0169089         0.000838              1
     5         24         1.54043e-21    4.35262e-05         1.28e-09              1

Equation solved.

fsolve completed because the vector of function values is near zero
as measured by the value of the function tolerance, and
the problem appears regular as measured by the gradient.

Iteration: 49
âœ“ Progress: 50/73 iterations (68.5%)

                                             Norm of      First-order   Trust-region
 Iteration  Func-count     ||f(x)||^2           step       optimality         radius
     0          4          0.00190265                          0.0361              1
     1          5          0.00190265              1           0.0361              1
     2          9          0.00157594           0.25            0.069           0.25
     3         13          0.00105999          0.625            0.433          0.625
     4         17         0.000561904          0.625            0.417          0.625
     5         21         0.000255741          0.625            0.404          0.625
     6         25         0.000124375          0.625            0.386          0.625
     7         29         9.54198e-08       0.121811           0.0109          0.625
     8         33         2.39956e-16    0.000499977         5.46e-07          0.625

Equation solved.

fsolve completed because the vector of function values is near zero
as measured by the value of the function tolerance, and
the problem appears regular as measured by the gradient.

Iteration: 50

                                             Norm of      First-order   Trust-region
 Iteration  Func-count     ||f(x)||^2           step       optimality         radius
     0          4          0.00190265                          0.0373              1
     1          5          0.00190265              1           0.0373              1
     2          9          0.00158918           0.25           0.0773           0.25
     3         13          0.00110826          0.625            0.485          0.625
     4         17         0.000617509          0.625            0.472          0.625
     5         21         0.000303765          0.625             0.46          0.625
     6         25         0.000153831          0.625            0.447          0.625
     7         29         2.27015e-06       0.236262           0.0566          0.625
     8         33         5.61427e-14     0.00157595         8.91e-06          0.625
     9         37         5.58662e-26    4.82056e-07         8.87e-12          0.625

Equation solved.

fsolve completed because the vector of function values is near zero
as measured by the value of the function tolerance, and
the problem appears regular as measured by the gradient.

Iteration: 51

                                             Norm of      First-order   Trust-region
 Iteration  Func-count     ||f(x)||^2           step       optimality         radius
     0          4          0.00190265                          0.0383              1
     1          5          0.00190265              1           0.0383              1
     2          9           0.0016012           0.25           0.0844           0.25
     3         13          0.00114847          0.625            0.529          0.625
     4         17         0.000665825          0.625            0.518          0.625
     5         21         0.000347385          0.625            0.509          0.625
     6         25         0.000182056          0.625            0.498          0.625
     7         29         1.34386e-05       0.348749            0.146          0.625
     8         33          1.1766e-12     0.00312393         4.31e-05          0.872
     9         37         6.72219e-26    2.61563e-06         9.88e-12          0.872

Equation solved.

fsolve completed because the vector of function values is near zero
as measured by the value of the function tolerance, and
the problem appears regular as measured by the gradient.

Iteration: 52

                                             Norm of      First-order   Trust-region
 Iteration  Func-count     ||f(x)||^2           step       optimality         radius
     0          4          0.00190265                           0.039              1
     1          5          0.00190265              1            0.039              1
     2          9          0.00161205           0.25           0.0897           0.25
     3         13          0.00118017          0.625            0.562          0.625
     4         17         0.000706254          0.625            0.554          0.625
     5         21         0.000384921          0.625            0.547          0.625
     6         25         0.000207049          0.625            0.538          0.625
     7         29         4.55226e-05       0.458958            0.281          0.625
     8         33         9.47503e-12     0.00503564         0.000128          0.625
     9         37          4.2743e-23    8.36711e-06         2.72e-10          0.625

Equation solved.

fsolve completed because the vector of function values is near zero
as measured by the value of the function tolerance, and
the problem appears regular as measured by the gradient.

Iteration: 53

                                             Norm of      First-order   Trust-region
 Iteration  Func-count     ||f(x)||^2           step       optimality         radius
     0          4          0.00190265                          0.0394              1
     1          5          0.00190265              1           0.0394              1
     2          9          0.00162183           0.25           0.0928           0.25
     3         13          0.00120304          0.625            0.581          0.625
     4         17         0.000738118          0.625            0.576          0.625
     5         21         0.000415268          0.625            0.571          0.625
     6         25         0.000227353          0.625            0.565          0.625
     7         29         0.000112077       0.566599            0.456          0.625
     8         33          4.4734e-11     0.00721783         0.000288          0.625
     9         37         3.02988e-22    1.97539e-05         7.49e-10          0.625

Equation solved.

fsolve completed because the vector of function values is near zero
as measured by the value of the function tolerance, and
the problem appears regular as measured by the gradient.

Iteration: 54

                                             Norm of      First-order   Trust-region
 Iteration  Func-count     ||f(x)||^2           step       optimality         radius
     0          4          0.00190265                          0.0394              1
     1          5          0.00190265              1           0.0394              1
     2          9          0.00163062           0.25           0.0934           0.25
     3         13          0.00121778          0.625            0.584          0.625
     4         17         0.000761625          0.625            0.582          0.625
     5         21          0.00043824          0.625            0.579          0.625
     6         25         0.000242199          0.625            0.575          0.625
     7         29         0.000167348          0.625            0.569          0.625
     8         33         4.46784e-09      0.0530671          0.00295          0.625
     9         37         4.96972e-19    0.000127499         3.11e-08          0.625

Equation solved.

fsolve completed because the vector of function values is near zero
as measured by the value of the function tolerance, and
the problem appears regular as measured by the gradient.

Iteration: 55

                                             Norm of      First-order   Trust-region
 Iteration  Func-count     ||f(x)||^2           step       optimality         radius
     0          4          0.00190265                          0.0391              1
     1          5          0.00190265              1           0.0391              1
     2          9          0.00163852           0.25           0.0914           0.25
     3         13          0.00122519          0.625            0.571          0.625
     4         17         0.000777435          0.625            0.571          0.625
     5         21         0.000454091          0.625            0.569          0.625
     6         25          0.00025128          0.625            0.567          0.625
     7         29         0.000163917          0.625            0.564          0.625
     8         33         5.46623e-07       0.155466            0.033          0.625
     9         37         1.40476e-15    0.000620593         1.67e-06          0.625
    10         41         1.32951e-25    9.40852e-08         1.63e-11          0.625

Equation solved.

fsolve completed because the vector of function values is near zero
as measured by the value of the function tolerance, and
the problem appears regular as measured by the gradient.

Iteration: 56

                                             Norm of      First-order   Trust-region
 Iteration  Func-count     ||f(x)||^2           step       optimality         radius
     0          4          0.00190265                          0.0384              1
     1          5          0.00190265              1           0.0384              1
     2          9          0.00164561           0.25           0.0868           0.25
     3         13           0.0012267          0.625            0.541          0.625
     4         17         0.000786672          0.625            0.543          0.625
     5         21         0.000463731          0.625            0.543          0.625
     6         25         0.000255197          0.625            0.542          0.625
     7         29         0.000156803          0.625             0.54          0.625
     8         33         3.89726e-06       0.254343           0.0878          0.625
     9         37          4.8306e-14     0.00141822         9.78e-06          0.636
    10         41         1.31448e-24     6.5213e-07          5.1e-11          0.636

Equation solved.

fsolve completed because the vector of function values is near zero
as measured by the value of the function tolerance, and
the problem appears regular as measured by the gradient.

Iteration: 57

                                             Norm of      First-order   Trust-region
 Iteration  Func-count     ||f(x)||^2           step       optimality         radius
     0          4          0.00190265                          0.0372              1
     1          8          0.00181631              1             1.26              1
     2         12          0.00124602              1             1.28              1
     3         16         0.000930405              1             1.28              1
     4         20         0.000230624        0.72055            0.664              1
     5         24         1.60746e-10      0.0107748         0.000555              1
     6         28         1.37482e-21    3.81784e-05         1.62e-09              1

Equation solved.

fsolve completed because the vector of function values is near zero
as measured by the value of the function tolerance, and
the problem appears regular as measured by the gradient.

Iteration: 58

                                             Norm of      First-order   Trust-region
 Iteration  Func-count     ||f(x)||^2           step       optimality         radius
     0          4          0.00190265                          0.0357              1
     1          8          0.00168219              1             1.11              1
     2         12          0.00112396              1             1.14              1
     3         16         0.000808508              1             1.14              1
     4         20         0.000318562       0.810906            0.757              1
     5         24         3.01306e-10      0.0128355         0.000736              1
     6         28         1.14617e-20    5.22006e-05         4.54e-09              1

Equation solved.

fsolve completed because the vector of function values is near zero
as measured by the value of the function tolerance, and
the problem appears regular as measured by the gradient.

Iteration: 59
âœ“ Progress: 60/73 iterations (82.2%)
 Memory cleanup at iteration 60

                                             Norm of      First-order   Trust-region
 Iteration  Func-count     ||f(x)||^2           step       optimality         radius
     0          4          0.00190265                          0.0337              1
     1          8          0.00155156              1            0.945              1
     2         12         0.000999421              1            0.973              1
     3         16         0.000681202              1            0.982              1
     4         20         0.000390188       0.896877            0.798              1
     5         24         4.73343e-10       0.014861         0.000879              1
     6         28         1.25895e-20     6.3849e-05         4.54e-09              1

Equation solved.

fsolve completed because the vector of function values is near zero
as measured by the value of the function tolerance, and
the problem appears regular as measured by the gradient.

Iteration: 60

                                             Norm of      First-order   Trust-region
 Iteration  Func-count     ||f(x)||^2           step       optimality         radius
     0          4          0.00190265                          0.0313              1
     1          8          0.00143297              1             0.77              1
     2         12         0.000882321              1            0.798              1
     3         16         0.000558584              1            0.808              1
     4         20         0.000428399       0.978176            0.782              1
     5         24          6.4039e-10      0.0168222         0.000957              1
     6         28         1.76093e-21    7.07382e-05         1.59e-09              1

Equation solved.

fsolve completed because the vector of function values is near zero
as measured by the value of the function tolerance, and
the problem appears regular as measured by the gradient.

Iteration: 61

                                             Norm of      First-order   Trust-region
 Iteration  Func-count     ||f(x)||^2           step       optimality         radius
     0          4          0.00190265                          0.0286              1
     1          8          0.00133276              1            0.598              1
     2         12         0.000780169              1            0.625              1
     3         16         0.000449241              1            0.634              1
     4         20         0.000344444              1            0.642              1
     5         24         6.21186e-09      0.0655985          0.00273              1
     6         28         1.46643e-18    0.000186794         4.19e-08              1

Equation solved.

fsolve completed because the vector of function values is near zero
as measured by the value of the function tolerance, and
the problem appears regular as measured by the gradient.

Iteration: 62

                                             Norm of      First-order   Trust-region
 Iteration  Func-count     ||f(x)||^2           step       optimality         radius
     0          4          0.00190265                          0.0256              1
     1          8          0.00125415              1             0.44              1
     2         12         0.000697739              1            0.463              1
     3         16         0.000358803              1            0.472              1
     4         20         0.000239778              1            0.478              1
     5         24         1.11469e-07       0.135989           0.0103              1
     6         28          9.7872e-17    0.000443824         3.06e-07              1

Equation solved.

fsolve completed because the vector of function values is near zero
as measured by the value of the function tolerance, and
the problem appears regular as measured by the gradient.

Iteration: 63

                                             Norm of      First-order   Trust-region
 Iteration  Func-count     ||f(x)||^2           step       optimality         radius
     0          4          0.00190265                          0.0224              1
     1          8          0.00119768              1            0.303              1
     2         12         0.000636834              1            0.322              1
     3         16         0.000289784              1             0.33              1
     4         20         0.000157073              1            0.335              1
     5         24         3.56543e-07       0.201316           0.0161              1
     6         28         9.35557e-16    0.000777721         8.24e-07              1

Equation solved.

fsolve completed because the vector of function values is near zero
as measured by the value of the function tolerance, and
the problem appears regular as measured by the gradient.

Iteration: 64

                                             Norm of      First-order   Trust-region
 Iteration  Func-count     ||f(x)||^2           step       optimality         radius
     0          4          0.00190265                          0.0191              1
     1          8          0.00116129              1            0.193              1
     2          9          0.00116129            2.5            0.193            2.5
     3         13         0.000729473          0.625           0.0852          0.625
     4         17         0.000532447         1.5625             0.48           1.56
     5         21         0.000131665        1.06634             0.26           1.56
     6         25         1.91633e-10       0.018046         0.000314           1.56
     7         29          3.2807e-22    2.79827e-05         4.11e-10           1.56

Equation solved.

fsolve completed because the vector of function values is near zero
as measured by the value of the function tolerance, and
the problem appears regular as measured by the gradient.

Iteration: 65

                                             Norm of      First-order   Trust-region
 Iteration  Func-count     ||f(x)||^2           step       optimality         radius
     0          4          0.00190265                          0.0158              1
     1          8          0.00114122              1             0.11              1
     2          9          0.00114122            2.5             0.11            2.5
     3         13         0.000736084          0.625             0.05          0.625
     4         17         0.000330407         1.5625            0.277           1.56
     5         21         8.43402e-05        1.12003            0.169           1.56
     6         25         1.32804e-10      0.0190525         0.000212           1.56
     7         29         1.23512e-21    2.16234e-05         6.47e-10           1.56

Equation solved.

fsolve completed because the vector of function values is near zero
as measured by the value of the function tolerance, and
the problem appears regular as measured by the gradient.

Iteration: 66

                                             Norm of      First-order   Trust-region
 Iteration  Func-count     ||f(x)||^2           step       optimality         radius
     0          4          0.00190265                          0.0125              1
     1          8          0.00113306              1           0.0533              1
     2         12         0.000496268            2.5            0.305            2.5
     3         16         2.30353e-05       0.863441            0.068            2.5
     4         20         1.13276e-11      0.0116902         4.77e-05            2.5
     5         24         1.79933e-24     6.9766e-06          1.9e-11            2.5

Equation solved.

fsolve completed because the vector of function values is near zero
as measured by the value of the function tolerance, and
the problem appears regular as measured by the gradient.

Iteration: 67

                                             Norm of      First-order   Trust-region
 Iteration  Func-count     ||f(x)||^2           step       optimality         radius
     0          4          0.00190265                         0.00933              1
     1          8           0.0011325              1           0.0176              1
     2         12         0.000160842            2.5           0.0996            2.5
     3         16           8.615e-06       0.902764             0.03           6.25
     4         20         4.14879e-12      0.0120035         2.09e-05           6.25
     5         24         1.49777e-24    4.50823e-06         1.25e-11           6.25

Equation solved.

fsolve completed because the vector of function values is near zero
as measured by the value of the function tolerance, and
the problem appears regular as measured by the gradient.

Iteration: 68

                                             Norm of      First-order   Trust-region
 Iteration  Func-count     ||f(x)||^2           step       optimality         radius
     0          4          0.00190265                         0.00647              1
     1          8          0.00113642              1          0.00296              1
     2         12         8.51891e-05            2.5           0.0148            2.5
     3         16          1.1714e-07       0.932061          0.00227           6.25
     4         20         7.62389e-14      0.0124343         1.85e-06           6.25
     5         24          2.7862e-25    2.16494e-06         3.54e-12           6.25

Equation solved.

fsolve completed because the vector of function values is near zero
as measured by the value of the function tolerance, and
the problem appears regular as measured by the gradient.

Iteration: 69
âœ“ Progress: 70/73 iterations (95.9%)

                                             Norm of      First-order   Trust-region
 Iteration  Func-count     ||f(x)||^2           step       optimality         radius
     0          4          0.00190265                         0.00396              1
     1          8          0.00114518              1           0.0145              1
     2         12         0.000388327            2.5           0.0743            2.5
     3         16         2.26014e-05       0.940682           0.0176            2.5
     4         20         3.60049e-13      0.0138764         2.23e-06            2.5
     5         24         2.57607e-23    3.01855e-06         1.88e-11            2.5

Equation solved.

fsolve completed because the vector of function values is near zero
as measured by the value of the function tolerance, and
the problem appears regular as measured by the gradient.

Iteration: 70

                                             Norm of      First-order   Trust-region
 Iteration  Func-count     ||f(x)||^2           step       optimality         radius
     0          4          0.00190265                         0.00186              1
     1          8          0.00118732              1           0.0227              1
     2          9          0.00118732            2.5           0.0227            2.5
     3         13         0.000771797          0.625           0.0122          0.625
     4         14         0.000771797         1.5625           0.0122           1.56
     5         18         0.000556333       0.390625          0.00518          0.391
     6         22         0.000336016       0.976562           0.0239          0.977
     7         23         0.000336016       0.976562           0.0239          0.977
     8         27         0.000127767       0.244141          0.00344          0.244
     9         31         8.11788e-05       0.610352           0.0111           0.61
    10         35         5.03141e-05         0.4821          0.00845           0.61
    11         39         4.19067e-10      0.0123983         2.41e-05           0.61
    12         43         1.35732e-20    3.55788e-05         1.37e-10           0.61

Equation solved.

fsolve completed because the vector of function values is near zero
as measured by the value of the function tolerance, and
the problem appears regular as measured by the gradient.

Iteration: 71

                                             Norm of      First-order   Trust-region
 Iteration  Func-count     ||f(x)||^2           step       optimality         radius
     0          4          0.00190265                        0.000514              1
     1          5          0.00190265              1         0.000514              1
     2          9          0.00168189           0.25          0.00379           0.25
     3         10          0.00168189          0.625          0.00379          0.625
     4         14          0.00153067        0.15625          0.00172          0.156
     5         18          0.00130464       0.390625          0.00698          0.391
     6         19          0.00130464       0.390625          0.00698          0.391
     7         23          0.00111078      0.0976563          0.00152         0.0977
     8         27         0.000992785       0.244141          0.00299          0.244
     9         28         0.000992785       0.244141          0.00299          0.244
    10         32         0.000856751      0.0610352         0.000785          0.061
    11         36         0.000826362       0.152588          0.00p|rySâœ“ MATLAB solver execution completed

=== CHECKING FOR SAVED DATASET ===
âš  Could not retrieve saved DataSet_temp from MATLAB workspace: MATLAB.MEngineError("failed to get variable DataSet_temp from MATLAB session")
  Will attempt to load from saved file instead...
â³ Waiting for file system to complete save operation...
âš  Saved file not found after delay: c:/Users/josel/MATLAB/Projects/ClampedPinnedRodSolver\dataset\MATLAB code\Learning_Data_ClampedPinned_Rod_IK\Learning DataSet\LearnigData_Rod_Clamp_Pin_Rot_X05_Y00_72sols_mode2.mat
ðŸ“‚ Files in dataset directory:

=== DATASET SAVE CHECK ===
DataSet exists with 71 trajectories
Expected save point: 72
Total planned trajectories: 72
CASE: Early termination (stopped before save point)
Output filename: LearnigData_Rod_Clamp_Pin_Rot_X05_Y00_72sols_mode2.mat
Full path: c:\Users\josel\MATLAB\Projects\ClampedPinnedRodSolver\dataset\MATLAB code\Learning_Data_ClampedPinned_Rod_IK\Learning DataSet\LearnigData_Rod_Clamp_Pin_Rot_X05_Y00_72sols_mode2.mat
Saving to: c:\Users\josel\MATLAB\Projects\ClampedPinnedRodSolver\dataset\MATLAB code\Learning_Data_ClampedPinned_Rod_IK\Learning DataSet\LearnigData_Rod_Clamp_Pin_Rot_X05_Y00_72sols_mode2.mat
âœ“ Learning DataSet directory exists: c:\Users\josel\MATLAB\Projects\ClampedPinnedRodSolver\dataset\MATLAB code\Learning_Data_ClampedPinned_Rod_IK\Learning DataSet
âœ“ SUCCESS: Learning data saved (early_termination)
âœ“ Dataset contains 71 trajectories
âœ“ File saved to: c:\Users\josel\MATLAB\Projects\ClampedPinnedRodSolver\dataset\MATLAB code\Learning_Data_ClampedPinned_Rod_IK\Learning DataSet\LearnigData_Rod_Clamp_Pin_Rot_X05_Y00_72sols_mode2.mat

=== SAVING FIGURES ===
Figures folder: c:\Users\josel\MATLAB\Projects\ClampedPinnedRodSolver\dataset\MATLAB code\Learning_Data_ClampedPinned_Rod_IK\Rotate_Clamp\Rotated_Clamp\Figures\2025-08-27_18-43-24_mode_2_X05_Y00

--- FIGURE VALIDITY CHECK ---
âœ“ fig1 exists and is valid
âœ“ fig2 exists and is valid
âœ“ fig3 exists and is valid
âœ“ fig4 exists and is valid
âœ“ fig5 exists and is valid
--- END FIGURE VALIDITY CHECK ---

âœ“ Saved motion plot: 2025-08-27_18-43-24_mode_2_X05_Y00_Motion_Plot
âœ“ Saved phase plot: 2025-08-27_18-43-24_mode_2_X05_Y00_Phase_Plot
âœ“ Saved theta vs initial curvature plot: 2025-08-27_18-43-24_mode_2_X05_Y00_Theta_vs_Initial_Curvature
âœ“ Saved theta vs R plot: 2025-08-27_18-43-24_mode_2_X05_Y00_Theta_vs_R
âœ“ Saved theta vs psi plot: 2025-08-27_18-43-24_mode_2_X05_Y00_Theta_vs_Psi

=== FIGURES SAVED ===
All plots saved to: c:\Users\josel\MATLAB\Projects\ClampedPinnedRodSolver\dataset\MATLAB code\Learning_Data_ClampedPinned_Rod_IK\Rotate_Clamp\Rotated_Clamp\Figures\2025-08-27_18-43-24_mode_2_X05_Y00
Saved figures:
- 2025-08-27_18-43-24_mode_2_X05_Y00_Loaded_Rod.png/.fig (Initial rod shape)
- 2025-08-27_18-43-24_mode_2_X05_Y00_Loaded_Rod_Theta_vs_S.png/.fig (Theta vs S)
- 2025-08-27_18-43-24_mode_2_X05_Y00_Loaded_Rod_Curvature_vs_S.png/.fig (Curvature vs S)
- 2025-08-27_18-43-24_mode_2_X05_Y00_Loaded_Rod_Curvature_vs_Theta.png/.fig (Curvature vs Theta)
- 2025-08-27_18-43-24_mode_2_X05_Y00_Motion_Plot.png/.fig (Motion plot)
- 2025-08-27_18-43-24_mode_2_X05_Y00_Phase_Plot.png/.fig (Phase plot)
- 2025-08-27_18-43-24_mode_2_X05_Y00_Theta_vs_Initial_Curvature.png/.fig (Theta vs Initial Curvature)
- 2025-08-27_18-43-24_mode_2_X05_Y00_Theta_vs_R.png/.fig (Theta vs R)
- 2025-08-27_18-43-24_mode_2_X05_Y00_Theta_vs_Psi.png/.fig (Theta vs Psi)
Total figures saved: 9 plots (18 files with .png and .fig formats)
âœ“ Data already saved: 71 trajectories (saved at early termination)

=== MATLAB SOLVER RESULTS ===
âœ“ Learning data generation completed successfully

--- COMPLETE COMPUTATION INFO ---
Total computed trajectories: 71
Full angular range computed: 0Â° to 350.0Â°
All iterations (1 to 71) were computed successfully

--- DATASET INFO ---
Generated DataSet size: (71, 211)
Number of saved trajectories: 71
Data points per trajectory: 211
Angular range covered: 0Â° to 355.0Â°
âš  Unexpected trajectory count: 71 (expected 72)
  Save point was configured for iteration 72

=== FINAL SOLVER STATUS ===
âœ“ Dataset file found: LearnigData_Rod_Clamp_Pin_Rot_X05_Y00_72sols_mode2.mat
âœ“ Learning data generation completed successfully
âœ“ Generated 71 trajectories
âœ“ Dataset saved to file

âœ… CLAMP FIXED ROD SOLVER COMPLETED SUCCESSFULLY
âœ… Learning data generated successfully

============================================================
STEP 3: Splitting dataset for training/testing...
============================================================
ðŸ”„ Starting split_dataset_for_training...

============================================================
DATASET SPLITTING FOR TRAINING/TESTING
============================================================
Train ratio: 0.85 (85% training, 15% testing)

ðŸ”„ Loading dataset from saved file...
   Loading dataset from: dataset\MATLAB code\Learning_Data_ClampedPinned_Rod_IK\Learning DataSet\LearnigData_Rod_Clamp_Pin_Rot_X05_Y00_72sols_mode2.mat
DataSet variable not found in .mat file

âœ“ Successfully loaded DataSet from saved file
âœ“ Changed MATLAB working directory to: c:/Users/josel/MATLAB/Projects/ClampedPinnedRodSolver/dataset/MATLAB code/Learning_Data_ClampedPinned_Rod_IK/Learning DataSet
Dataset size: 71 trajectories Ã— 211 data points
Split sizes:
  - Training: 60 trajectories (84.5%)
  - Testing:  11 trajectories (15.5%)

ðŸ’¾ Saving split datasets...
  - Saving training set...
    âœ“ dataset\MATLAB code\Learning_Data_ClampedPinned_Rod_IK\Learning DataSet\LearnigData_Rod_Clamp_Pin_Rot_X05_Y00_mode2_train_085.mat
    âœ“ dataset\MATLAB code\Learning_Data_ClampedPinned_Rod_IK\Learning DataSet\LearnigData_Rod_Clamp_Pin_Rot_X05_Y00_mode2_train_085.jld2
  - Saving testing set...
    âœ“ dataset\MATLAB code\Learning_Data_ClampedPinned_Rod_IK\Learning DataSet\LearnigData_Rod_Clamp_Pin_Rot_X05_Y00_mode2_test_015.mat
    âœ“ dataset\MATLAB code\Learning_Data_ClampedPinned_Rod_IK\Learning DataSet\LearnigData_Rod_Clamp_Pin_Rot_X05_Y00_mode2_test_015.jld2

============================================================
âœ“ DATASET SPLITTING COMPLETED SUCCESSFULLY!
============================================================
Generated files:
  Training: dataset\MATLAB code\Learning_Data_ClampedPinned_Rod_IK\Learning DataSet\LearnigData_Rod_Clamp_Pin_Rot_X05_Y00_mode2_train_085.mat, dataset\MATLAB code\Learning_Data_ClampedPinned_Rod_IK\Learning DataSet\LearnigData_Rod_Clamp_Pin_Rot_X05_Y00_mode2_train_085.jld2
  Testing:  dataset\MATLAB code\Learning_Data_ClampedPinned_Rod_IK\Learning DataSet\LearnigData_Rod_Clamp_Pin_Rot_X05_Y00_mode2_test_015.mat, dataset\MATLAB code\Learning_Data_ClampedPinned_Rod_IK\Learning DataSet\LearnigData_Rod_Clamp_Pin_Rot_X05_Y00_mode2_test_015.jld2
âœ… Dataset split successfully

============================================================
âœ… COMPLETE PIPELINE FINISHED SUCCESSFULLY!
============================================================

================================================================================
PIPELINE COMPLETED
End time: 2025-08-27T18:46:03.493
================================================================================
