================================================================================
ROD SOLVER PIPELINE LOG - COMPLETE REPL OUTPUT CAPTURE
================================================================================
Log file: logs\RodSolver_CompleteREPL_X02_Y00_mode2_20250827_195730.log
Start time: 2025-08-27T19:57:30.306
Julia version: 1.11.1
Working directory: c:\Users\josel\MATLAB\Projects\ClampedPinnedRodSolver
Capture mode: COMPLETE REPL OUTPUT CAPTURE
================================================================================
CONFIGURATION PARAMETERS:
================================================================================
ClampedRodConfig(1.0, 50, 1.0, 0.0, 0.0, 0.0, 0.0, 0.0, 0.2, 0.0, 2.0, 1, 360.0, 72, 72, 0.1, 150, 300, 1.0e-9, 0.85, true, true, "figures", "png", 300)
================================================================================
COMPLETE PIPELINE EXECUTION OUTPUT (ALL REPL OUTPUT):
================================================================================

============================================================
COMPLETE ROD SOLVER PIPELINE
============================================================
Configuration Parameters:
   ClampedRodConfig(1.0, 50, 1.0, 0.0, 0.0, 0.0, 0.0, 0.0, 0.2, 0.0, 2.0, 1, 360.0, 72, 72, 0.1, 150, 300, 1.0e-9, 0.85, true, true, "figures", "png", 300)

============================================================
STEP 1: Generating initial rod shape...
============================================================
ðŸ”„ Starting initial_rod_solver...
âœ“ Using provided configuration

âœ“ Input parameters loaded from configuration

=== CLAMPED ROD CONFIGURATION ===
Rod Geometry:
  - Length (L): 1.0 m
  - Grid Points (N): 50
  - Bending Rigidity (EI): 1.0
Clamped End Conditions:
  - Position: (0.0, 0.0) m
  - Orientation (Î¸): 0.0 rad
Linear Guide Parameters:
  - Angle (Î±): 0.0 rad
  - Length (Î»): 0.0 m
Pinned End Conditions:
  - Position: (0.2, 0.0) m
Solution Parameters:
  - Buckling Mode: 2.0
  - Solution Number: 1
Rotation Parameters:
  - Rotation Angle: 360.0 deg
  - Angular Steps: 72
  - Save at Step: 72
Grid Discretization:
  - Slope (kr density): 0.1
  - Nkr (kr points): 150
  - Npsi (psi points): 300
  - Epsilon (tolerance): 1.0e-9
Training Parameters:
  - Train Ratio: 0.85 (85% training, 15% testing)
Figure Saving Parameters:
  - Save Figures: true
  - Use Timestamped Folders: true
  - Base Path: figures
  - Format: png
  - DPI: 300
====================================

âœ“ Generated filename suffixes: X02, Y00

âœ“ Project root detected: c:\Users\josel\MATLAB\Projects\ClampedPinnedRodSolver 

âœ“ Setting MATLAB paths from: c:\Users\josel\MATLAB\Projects\ClampedPinnedRodSolver
âœ“ Normalized path for MATLAB: c:/Users/josel/MATLAB/Projects/ClampedPinnedRodSolver

âœ“ Generated timestamp for figures: 2025-08-27_19-57-30

âœ“ Dataset folder name: Rod_Shape

MATLAB engine initialized
Using project root: c:/Users/josel/MATLAB/Projects/ClampedPinnedRodSolver
âœ“ Created timestamped figures folder: 2025-08-27_19-57-30_mode_2_X02_Y00
MATLAB base path: c:\Users\josel\MATLAB\Projects\ClampedPinnedRodSolver\dataset\MATLAB code\Learning_Data_ClampedPinned_Rod_IK
Functions path: c:\Users\josel\MATLAB\Projects\ClampedPinnedRodSolver\dataset\MATLAB code\Learning_Data_ClampedPinned_Rod_IK\Find Initial Rod Shape
Figures will be saved to: c:\Users\josel\MATLAB\Projects\ClampedPinnedRodSolver\dataset\MATLAB code\Learning_Data_ClampedPinned_Rod_IK\Find Initial Rod Shape\Rod_Shape\Figures\2025-08-27_19-57-30_mode_2_X02_Y00

âœ“ MATLAB paths configured from project root
  Base: c:\Users\josel\MATLAB\Projects\ClampedPinnedRodSolver\dataset\MATLAB code\Learning_Data_ClampedPinned_Rod_IK
  Functions: c:\Users\josel\MATLAB\Projects\ClampedPinnedRodSolver\dataset\MATLAB code\Learning_Data_ClampedPinned_Rod_IK\Find Initial Rod Shape
  Sub-functions: c:\Users\josel\MATLAB\Projects\ClampedPinnedRodSolver\dataset\MATLAB code\Learning_Data_ClampedPinned_Rod_IK\Find Initial Rod Shape\Functions
âœ“ MATLAB paths and functions verified
âœ“ MATLAB input structures created

â³ Running elliptical integral solver...


 Unrefined Solutions reached
______________________________________
For kr>0: psi =1.6616 kr =0.60231
For kr<0: psi =4.6216 kr =-0.60231

 Refined Solutions reached
______________________________________

 Newton-Raphson process Elliptic Successful 

______________________________________

 Refined Solution = 1
______________________________________
psi =1.6616 kr =0.60233

 Newton-Raphson process Elliptic Successful 

______________________________________

 Refined Solution = 2
______________________________________
psi =4.6216 kr =-0.60233
âœ“ Saved 2 individual solution plots to figures folder
âœ“ Saved multiple solutions plot to figures folder

 Refined Solution BVP = 1
______________________________________

 Newton-Raphson process Successful 

______________________________________

 Solution reached 
Theta_0 = 0.000000 [m]
Residue x_end   = 0.000001 [m]
Residue y_end   = -0.000000 [m]
Residue m_end   = -0.000026 [Nm]
Value nx_0 = -2.769431 [N]
Value ny_0 = 30.430269 [N]
Value m_0  = 6.086054 [Nm]
Number of principal Iterations   = 1.000000 

Saving solution 1 to: c:\Users\josel\MATLAB\Projects\ClampedPinnedRodSolver\dataset\MATLAB code\Learning_Data_ClampedPinned_Rod_IK\Find Initial Rod Shape\Rod_Shape\CLampedPinnedRod_sol_1_mode_2_X02_Y00

 Refined Solution BVP = 2
______________________________________

 Newton-Raphson process Successful 

______________________________________

 Solution reached 
Theta_0 = 0.000000 [m]
Residue x_end   = 0.000001 [m]
Residue y_end   = 0.000000 [m]
Residue m_end   = 0.000026 [Nm]
Value nx_0 = -2.769431 [N]
Value ny_0 = -30.430269 [N]
Value m_0  = -6.086054 [Nm]
Number of principal Iterations   = 1.000000 

Saving solution 2 to: c:\Users\josel\MATLAB\Projects\ClampedPinnedRodSolver\dataset\MATLAB code\Learning_Data_ClampedPinned_Rod_IK\Find Initial Rod Shape\Rod_Shape\CLampedPinnedRod_sol_2_mode_2_X02_Y00


=== FIGURES SAVED ===
All plots saved to: c:\Users\josel\MATLAB\Projects\ClampedPinnedRodSolver\dataset\MATLAB code\Learning_Data_ClampedPinned_Rod_IK\Find Initial Rod Shape\Rod_Shape\Figures\2025-08-27_19-57-30_mode_2_X02_Y00

=== DATA FILES SAVED ===
All .mat files have been saved to TWO locations:
1. Primary location: c:\Users\josel\MATLAB\Projects\ClampedPinnedRodSolver\dataset\MATLAB code\Learning_Data_ClampedPinned_Rod_IK\Find Initial Rod Shape\Rod_Shape
2. Rotate Clamp location: c:\Users\josel\MATLAB\Projects\ClampedPinnedRodSolver\dataset\MATLAB code\Learning_Data_ClampedPinned_Rod_IK\Rotate_Clamp\Rotated_Clamp

=== MATLAB SOLVER RESULTS ===
âœ“ Solution computed successfully
Number of solutions found: 2.0
âœ… Initial rod shape generated successfully

============================================================
STEP 2: Generating rotation learning data...
============================================================
ðŸ”„ Starting clamp_fixed_rod_solver...
âœ“ Using provided configuration

âœ“ Input parameters loaded from configuration
=== CLAMPED ROD CONFIGURATION ===
Rod Geometry:
  - Length (L): 1.0 m
  - Grid Points (N): 50
  - Bending Rigidity (EI): 1.0
Clamped End Conditions:
  - Position: (0.0, 0.0) m
  - Orientation (Î¸): 0.0 rad
Linear Guide Parameters:
  - Angle (Î±): 0.0 rad
  - Length (Î»): 0.0 m
Pinned End Conditions:
  - Position: (0.2, 0.0) m
Solution Parameters:
  - Buckling Mode: 2.0
  - Solution Number: 1
Rotation Parameters:
  - Rotation Angle: 360.0 deg
  - Angular Steps: 72
  - Save at Step: 72
Grid Discretization:
  - Slope (kr density): 0.1
  - Nkr (kr points): 150
  - Npsi (psi points): 300
  - Epsilon (tolerance): 1.0e-9
Training Parameters:
  - Train Ratio: 0.85 (85% training, 15% testing)
Figure Saving Parameters:
  - Save Figures: true
  - Use Timestamped Folders: true
  - Base Path: figures
  - Format: png
  - DPI: 300
====================================

âœ“ Project root detected: c:\Users\josel\MATLAB\Projects\ClampedPinnedRodSolver 

âœ“ Setting MATLAB paths from: c:\Users\josel\MATLAB\Projects\ClampedPinnedRodSolver
âœ“ Normalized path for MATLAB: c:/Users/josel/MATLAB/Projects/ClampedPinnedRodSolver

âœ“ Generated timestamp for figures: 2025-08-27_19-58-14
ðŸ”„ Ensuring clean MATLAB environment...
ðŸ§¹ Cleaning existing MATLAB session variables...
âœ“ MATLAB session cleaned (variables cleared, session kept alive)
âœ“ MATLAB session cleaned successfully
ðŸ”„ Initializing fresh MATLAB engine...
Attempt 1/5: Testing MATLAB engine...
MATLAB engine initialized successfully
âœ“ MATLAB engine initialized successfully
ðŸ”„ Starting MATLAB solver execution...
Using project root: c:/Users/josel/MATLAB/Projects/ClampedPinnedRodSolver
âœ“ Created figures folder: c:\Users\josel\MATLAB\Projects\ClampedPinnedRodSolver\dataset\MATLAB code\Learning_Data_ClampedPinned_Rod_IK\Rotate_Clamp\Rotated_Clamp\Figures\2025-08-27_19-58-14_mode_2_X02_Y00
Project root: c:/Users/josel/MATLAB/Projects/ClampedPinnedRodSolver
Data folder: c:\Users\josel\MATLAB\Projects\ClampedPinnedRodSolver\dataset\MATLAB code\Learning_Data_ClampedPinned_Rod_IK\Rotate_Clamp\Rotated_Clamp
Figures will be saved to: c:\Users\josel\MATLAB\Projects\ClampedPinnedRodSolver\dataset\MATLAB code\Learning_Data_ClampedPinned_Rod_IK\Rotate_Clamp\Rotated_Clamp\Figures\2025-08-27_19-58-14_mode_2_X02_Y00
âœ“ Added Rotate Clamp path to MATLAB
âœ“ Added Rotate Clamp Functions path to MATLAB

âœ“ MATLAB paths configured from project root
  Base: c:\Users\josel\MATLAB\Projects\ClampedPinnedRodSolver\dataset\MATLAB code\Learning_Data_ClampedPinned_Rod_IK
  Rotate Clamp: c:\Users\josel\MATLAB\Projects\ClampedPinnedRodSolver\dataset\MATLAB code\Learning_Data_ClampedPinned_Rod_IK\Rotate_Clamp
  Data folder: c:\Users\josel\MATLAB\Projects\ClampedPinnedRodSolver\dataset\MATLAB code\Learning_Data_ClampedPinned_Rod_IK\Rotate_Clamp\Rotated_Clamp
âœ“ MATLAB paths and functions verified
Checking for rod data file: CLampedPinnedRod_sol_1_mode_2_X02_Y00.mat
Current directory: C:\Users\josel\MATLAB\Projects\ClampedPinnedRodSolver
âœ“ Found rod data file in: c:\Users\josel\MATLAB\Projects\ClampedPinnedRodSolver\dataset\MATLAB code\Learning_Data_ClampedPinned_Rod_IK\Rotate_Clamp\Rotated_Clamp
âœ“ Rod data file verified
Loading rod structure from: CLampedPinnedRod_sol_1_mode_2_X02_Y00.mat
âœ“ Saved loaded rod plot to figures folder
âœ“ Saved theta vs s plot to figures folder
âœ“ Saved curvature vs s plot to figures folder
âœ“ Saved curvature vs theta plot to figures folder
ðŸ”„ Starting MATLAB solver execution...
âœ“ Found required rod data file: CLampedPinnedRod_sol_1_mode_2_X02_Y00.mat
â³ Running solver...
Changed directory to: C:\Users\josel\MATLAB\Projects\ClampedPinnedRodSolver\dataset\MATLAB code\Learning_Data_ClampedPinned_Rod_IK\Rotate_Clamp\Rotated_Clamp
Reloading rod structure from: CLampedPinnedRod_sol_1_mode_2_X02_Y00.mat
âœ“ Rod data loaded successfully
 Starting computational loop: 73 iterations
 Memory management: clearing variables every 10 iterations

                                             Norm of      First-order   Trust-region
 Iteration  Func-count     ||f(x)||^2           step       optimality         radius
     0          4         6.91496e-10                        8.04e-05              1
     1          8         9.25057e-23     7.5824e-05         2.91e-11              1

Equation solved.

fsolve completed because the vector of function values is near zero
as measured by the value of the function tolerance, and
the problem appears regular as measured by the gradient.

Iteration: 1

                                             Norm of      First-order   Trust-region
 Iteration  Func-count     ||f(x)||^2           step       optimality         radius
     0          4         0.000304424                         0.00203              1
     1          8         7.33819e-05       0.861582           0.0252              1
     2         12         6.92259e-10      0.0618542         7.74e-05              1
     3         16         1.45126e-21    9.74847e-05         1.12e-10              1

Equation solved.

fsolve completed because the vector of function values is near zero
as measured by the value of the function tolerance, and
the problem appears regular as measured by the gradient.

Iteration: 2

                                             Norm of      First-order   Trust-region
 Iteration  Func-count     ||f(x)||^2           step       optimality         radius
     0          4         0.000304424                         0.00217              1
     1          8         5.94616e-05       0.929584           0.0218              1
     2         12         2.07257e-09      0.0786305         0.000129              1
     3         16         1.16412e-20    0.000189576         3.05e-10              1

Equation solved.

fsolve completed because the vector of function values is near zero
as measured by the value of the function tolerance, and
the problem appears regular as measured by the gradient.

Iteration: 3

                                             Norm of      First-order   Trust-region
 Iteration  Func-count     ||f(x)||^2           step       optimality         radius
     0          4         0.000304424                         0.00227              1
     1          8         4.56928e-05       0.982318           0.0183              1
     2         12         3.06502e-09      0.0853647          0.00015              1
     3         16         3.77747e-20     0.00025366         5.27e-10              1

Equation solved.

fsolve completed because the vector of function values is near zero
as measured by the value of the function tolerance, and
the problem appears regular as measured by the gradient.

Iteration: 4

                                             Norm of      First-order   Trust-region
 Iteration  Func-count     ||f(x)||^2           step       optimality         radius
     0          4         0.000304424                         0.00235              1
     1          8         3.32878e-05              1           0.0149              1
     2         12         1.92449e-09      0.0768142         0.000114              1
     3         16         5.01416e-19    0.000334553         1.84e-09              1

Equation solved.

fsolve completed because the vector of function values is near zero
as measured by the value of the function tolerance, and
the problem appears regular as measured by the gradient.

Iteration: 5

                                             Norm of      First-order   Trust-region
 Iteration  Func-count     ||f(x)||^2           step       optimality         radius
     0          4         0.000304424                         0.00241              1
     1          8         2.52304e-05              1           0.0124              1
     2         12         4.93336e-10      0.0668823         5.52e-05            2.5
     3         16         7.23535e-19    0.000338903         2.12e-09            2.5

Equation solved.

fsolve completed because the vector of function values is near zero
as measured by the value of the function tolerance, and
the problem appears regular as measured by the gradient.

Iteration: 6

                                             Norm of      First-order   Trust-region
 Iteration  Func-count     ||f(x)||^2           step       optimality         radius
     0          4         0.000304424                         0.00246              1
     1          8         2.09924e-05              1           0.0107              1
     2         12         1.53268e-10      0.0628144          2.9e-05            2.5
     3         16         3.90234e-19    0.000306867         1.49e-09            2.5

Equation solved.

fsolve completed because the vector of function values is near zero
as measured by the value of the function tolerance, and
the problem appears regular as measured by the gradient.

Iteration: 7

                                             Norm of      First-order   Trust-region
 Iteration  Func-count     ||f(x)||^2           step       optimality         radius
     0          4         0.000304424                         0.00248              1
     1          8         1.88777e-05              1          0.00972              1
     2         12         1.87877e-10      0.0616279         3.09e-05            2.5
     3         16         3.73891e-19    0.000288046          1.4e-09            2.5

Equation solved.

fsolve completed because the vector of function values is near zero
as measured by the value of the function tolerance, and
the problem appears regular as measured by the gradient.

Iteration: 8

                                             Norm of      First-order   Trust-region
 Iteration  Func-count     ||f(x)||^2           step       optimality         radius
     0          4         0.000304424                          0.0025              1
     1          8         1.82199e-05              1          0.00916              1
     2         12         5.29449e-10      0.0633468         5.04e-05            2.5
     3         16         2.55802e-19    0.000283173         1.11e-09            2.5

Equation solved.

fsolve completed because the vector of function values is near zero
as measured by the value of the function tolerance, and
the problem appears regular as measured by the gradient.

Iteration: 9
âœ“ Progress: 10/73 iterations (13.7%)

                                             Norm of      First-order   Trust-region
 Iteration  Func-count     ||f(x)||^2           step       optimality         radius
     0          4         0.000304424                          0.0025              1
     1          8         1.88597e-05              1          0.00895              1
     2         12          1.3502e-09      0.0693811         7.74e-05            2.5
     3         16         1.15476e-19    0.000279333         7.13e-10            2.5

Equation solved.

fsolve completed because the vector of function values is near zero
as measured by the value of the function tolerance, and
the problem appears regular as measured by the gradient.

Iteration: 10

                                             Norm of      First-order   Trust-region
 Iteration  Func-count     ||f(x)||^2           step       optimality         radius
     0          4         0.000304424                          0.0025              1
     1          8         1.97318e-05       0.985322          0.00876              1
     2         12         1.52584e-09      0.0702833         7.88e-05           2.46
     3         16         4.58346e-20    0.000266524         4.26e-10           2.46

Equation solved.

fsolve completed because the vector of function values is near zero
as measured by the value of the function tolerance, and
the problem appears regular as measured by the gradient.

Iteration: 11

                                             Norm of      First-order   Trust-region
 Iteration  Func-count     ||f(x)||^2           step       optimality         radius
     0          4         0.000304424                         0.00249              1
     1          8         2.07789e-05       0.960363          0.00859              1
     2         12         1.24584e-09      0.0668791         6.81e-05            2.4
     3         16         3.26994e-20    0.000249884         3.42e-10            2.4

Equation solved.

fsolve completed because the vector of function values is near zero
as measured by the value of the function tolerance, and
the problem appears regular as measured by the gradient.

Iteration: 12

                                             Norm of      First-order   Trust-region
 Iteration  Func-count     ||f(x)||^2           step       optimality         radius
     0          4         0.000304424                         0.00247              1
     1          8         2.23879e-05       0.932622          0.00853              1
     2         12         1.01578e-09      0.0636071         5.87e-05           2.33
     3         16         2.19323e-20    0.000232938         2.65e-10           2.33

Equation solved.

fsolve completed because the vector of function values is near zero
as measured by the value of the function tolerance, and
the problem appears regular as measured by the gradient.

Iteration: 13

                                             Norm of      First-order   Trust-region
 Iteration  Func-count     ||f(x)||^2           step       optimality         radius
     0          4         0.000304424                         0.00244              1
     1          8         2.45028e-05       0.902639          0.00854              1
     2         12         8.29899e-10      0.0604897         5.06e-05           2.26
     3         16         1.17243e-20    0.000216121         1.79e-10           2.26

Equation solved.

fsolve completed because the vector of function values is near zero
as measured by the value of the function tolerance, and
the problem appears regular as measured by the gradient.

Iteration: 14

                                             Norm of      First-order   Trust-region
 Iteration  Func-count     ||f(x)||^2           step       optimality         radius
     0          4         0.000304424                         0.00241              1
     1          8         2.70854e-05        0.87083          0.00857              1
     2         12          6.8162e-10      0.0575372         4.37e-05           2.18
     3         16         6.12291e-21    0.000199731         1.17e-10           2.18

Equation solved.

fsolve completed because the vector of function values is near zero
as measured by the value of the function tolerance, and
the problem appears regular as measured by the gradient.

Iteration: 15

                                             Norm of      First-order   Trust-region
 Iteration  Func-count     ||f(x)||^2           step       optimality         radius
     0          4         0.000304424                         0.00238              1
     1          8         3.00978e-05       0.837519          0.00862              1
     2         12         5.63824e-10       0.054751         3.78e-05           2.09
     3         16         2.60502e-21    0.000183919            6e-11           2.09

Equation solved.

fsolve completed because the vector of function values is near zero
as measured by the value of the function tolerance, and
the problem appears regular as measured by the gradient.

Iteration: 16

                                             Norm of      First-order   Trust-region
 Iteration  Func-count     ||f(x)||^2           step       optimality         radius
     0          4         0.000304424                         0.00234              1
     1          8         3.35029e-05       0.802962          0.00866              1
     2         12         4.70999e-10      0.0521277         3.28e-05              1
     3         16           1.165e-21    0.000168822         1.53e-11              1

Equation solved.

fsolve completed because the vector of function values is near zero
as measured by the value of the function tolerance, and
the problem appears regular as measured by the gradient.

Iteration: 17

                                             Norm of      First-order   Trust-region
 Iteration  Func-count     ||f(x)||^2           step       optimality         radius
     0          4         0.000304424                          0.0023              1
     1          8         3.72565e-05       0.767361          0.00868              1
     2         12         3.98084e-10      0.0496612         2.85e-05              1
     3         16         9.07934e-22     0.00015448         7.48e-12              1

Equation solved.

fsolve completed because the vector of function values is near zero
as measured by the value of the function tolerance, and
the problem appears regular as measured by the gradient.

Iteration: 18

                                             Norm of      First-order   Trust-region
 Iteration  Func-count     ||f(x)||^2           step       optimality         radius
     0          4         0.000304424                         0.00226              1
     1          8         4.13074e-05       0.730881          0.00866              1
     2         12         3.41074e-10      0.0473429         2.49e-05              1
     3         16         1.06822e-21    0.000140939         2.46e-11              1

Equation solved.

fsolve completed because the vector of function values is near zero
as measured by the value of the function tolerance, and
the problem appears regular as measured by the gradient.

Iteration: 19
âœ“ Progress: 20/73 iterations (27.4%)
 Memory cleanup at iteration 20

                                             Norm of      First-order   Trust-region
 Iteration  Func-count     ||f(x)||^2           step       optimality         radius
     0          4         0.000304424                         0.00222              1
     1          8         4.55929e-05       0.693656          0.00859              1
     2         12         2.96369e-10      0.0451637         2.18e-05              1
     3         16         1.84705e-21    0.000128193         4.51e-11              1

Equation solved.

fsolve completed because the vector of function values is near zero
as measured by the value of the function tolerance, and
the problem appears regular as measured by the gradient.

Iteration: 20

                                             Norm of      First-order   Trust-region
 Iteration  Func-count     ||f(x)||^2           step       optimality         radius
     0          4         0.000304424                         0.00218              1
     1          8         5.00383e-05       0.655802          0.00846              1
     2         12         2.61585e-10      0.0431134         1.92e-05              1
     3         16         2.70481e-21    0.000116266         5.67e-11              1

Equation solved.

fsolve completed because the vector of function values is near zero
as measured by the value of the function tolerance, and
the problem appears regular as measured by the gradient.

Iteration: 21

                                             Norm of      First-order   Trust-region
 Iteration  Func-count     ||f(x)||^2           step       optimality         radius
     0          4         0.000304424                         0.00214              1
     1          8         5.45555e-05       0.617421          0.00827              1
     2         12         2.34278e-10       0.041182          1.7e-05              1
     3         16         3.19343e-21    0.000105104         5.99e-11              1

Equation solved.

fsolve completed because the vector of function values is near zero
as measured by the value of the function tolerance, and
the problem appears regular as measured by the gradient.

Iteration: 22

                                             Norm of      First-order   Trust-region
 Iteration  Func-count     ||f(x)||^2           step       optimality         radius
     0          4         0.000304424                          0.0021              1
     1          8         5.90416e-05       0.578608          0.00801              1
     2         12         2.12664e-10       0.039358          1.5e-05              1
     3         16          4.2603e-21    9.46902e-05         6.61e-11              1

Equation solved.

fsolve completed because the vector of function values is near zero
as measured by the value of the function tolerance, and
the problem appears regular as measured by the gradient.

Iteration: 23

                                             Norm of      First-order   Trust-region
 Iteration  Func-count     ||f(x)||^2           step       optimality         radius
     0          4         0.000304424                         0.00206              1
     1          8         6.33848e-05       0.539458          0.00767              1
     2         12         1.95484e-10       0.037632         1.33e-05              1
     3         16         3.67686e-21    8.50096e-05         5.71e-11              1

Equation solved.

fsolve completed because the vector of function values is near zero
as measured by the value of the function tolerance, and
the problem appears regular as measured by the gradient.

Iteration: 24

                                             Norm of      First-order   Trust-region
 Iteration  Func-count     ||f(x)||^2           step       optimality         radius
     0          4         0.000304424                         0.00202              1
     1          8         6.74617e-05       0.500075          0.00725              1
     2         12         1.81397e-10      0.0359941         1.17e-05              1
     3         16         3.94499e-21    7.60205e-05         5.46e-11              1

Equation solved.

fsolve completed because the vector of function values is near zero
as measured by the value of the function tolerance, and
the problem appears regular as measured by the gradient.

Iteration: 25

                                             Norm of      First-order   Trust-region
 Iteration  Func-count     ||f(x)||^2           step       optimality         radius
     0          4         0.000304424                         0.00198              1
     1          8          7.1135e-05       0.460579          0.00675              1
     2         12         1.69482e-10      0.0344347         1.02e-05              1
     3         16         2.89282e-21    6.76925e-05         4.25e-11              1

Equation solved.

fsolve completed because the vector of function values is near zero
as measured by the value of the function tolerance, and
the problem appears regular as measured by the gradient.

Iteration: 26

                                             Norm of      First-order   Trust-region
 Iteration  Func-count     ||f(x)||^2           step       optimality         radius
     0          4         0.000304424                         0.00195              1
     1          8         7.42676e-05       0.421118          0.00617              1
     2         12         1.58861e-10      0.0329449         8.85e-06              1
     3         16         3.00859e-21    5.99913e-05         3.89e-11              1

Equation solved.

fsolve completed because the vector of function values is near zero
as measured by the value of the function tolerance, and
the problem appears regular as measured by the gradient.

Iteration: 27

                                             Norm of      First-order   Trust-region
 Iteration  Func-count     ||f(x)||^2           step       optimality         radius
     0          4         0.000304424                         0.00192              1
     1          8         7.67162e-05       0.381892          0.00552              1
     2         12         1.48714e-10      0.0315158         7.52e-06              1
     3         16         3.47363e-21    5.28733e-05          3.7e-11              1

Equation solved.

fsolve completed because the vector of function values is near zero
as measured by the value of the function tolerance, and
the problem appears regular as measured by the gradient.

Iteration: 28

                                             Norm of      First-order   Trust-region
 Iteration  Func-count     ||f(x)||^2           step       optimality         radius
     0          4         0.000304424                         0.00189              1
     1          8         7.83437e-05       0.343173           0.0048              1
     2         12         1.38576e-10       0.030139         6.23e-06              1
     3         16         2.35579e-21    4.63178e-05         2.62e-11              1

Equation solved.

fsolve completed because the vector of function values is near zero
as measured by the value of the function tolerance, and
the problem appears regular as measured by the gradient.

Iteration: 29
âœ“ Progress: 30/73 iterations (41.1%)

                                             Norm of      First-order   Trust-region
 Iteration  Func-count     ||f(x)||^2           step       optimality         radius
     0          4         0.000304424                         0.00187              1
     1          8         7.90257e-05        0.30536          0.00443              1
     2         12           1.278e-10      0.0288083         5.61e-06              1
     3         16          2.0342e-21    4.02819e-05         2.24e-11              1

Equation solved.

fsolve completed because the vector of function values is near zero
as measured by the value of the function tolerance, and
the problem appears regular as measured by the gradient.

Iteration: 30

                                             Norm of      First-order   Trust-region
 Iteration  Func-count     ||f(x)||^2           step       optimality         radius
     0          4         0.000304424                         0.00185              1
     1          8         7.86543e-05       0.269057           0.0044              1
     2         12         1.16078e-10      0.0275165         5.31e-06              1
     3         16         1.59735e-21    3.47351e-05         1.98e-11              1

Equation solved.

fsolve completed because the vector of function values is near zero
as measured by the value of the function tolerance, and
the problem appears regular as measured by the gradient.

Iteration: 31

                                             Norm of      First-order   Trust-region
 Iteration  Func-count     ||f(x)||^2           step       optimality         radius
     0          4         0.000304424                         0.00183              1
     1          8         7.71466e-05       0.235195          0.00434              1
     2         12          1.0319e-10      0.0262572         4.99e-06              1
     3         16          1.1805e-21    2.96424e-05         1.69e-11              1

Equation solved.

fsolve completed because the vector of function values is near zero
as measured by the value of the function tolerance, and
the problem appears regular as measured by the gradient.

Iteration: 32

                                             Norm of      First-order   Trust-region
 Iteration  Func-count     ||f(x)||^2           step       optimality         radius
     0          4         0.000304424                         0.00181              1
     1          8         7.44607e-05       0.205235          0.00425              1
     2         12          8.9099e-11      0.0250254         4.63e-06              1
     3         16         8.07367e-22    2.49709e-05          1.4e-11              1

Equation solved.

fsolve completed because the vector of function values is near zero
as measured by the value of the function tolerance, and
the problem appears regular as measured by the gradient.

Iteration: 33

                                             Norm of      First-order   Trust-region
 Iteration  Func-count     ||f(x)||^2           step       optimality         radius
     0          4         0.000304424                          0.0018              1
     1          8         7.05957e-05       0.181372          0.00413              1
     2         12         7.40209e-11      0.0238164         4.21e-06              1
     3         16         6.04463e-22    2.06902e-05         1.21e-11              1

Equation solved.

fsolve completed because the vector of function values is near zero
as measured by the value of the function tolerance, and
the problem appears regular as measured by the gradient.

Iteration: 34

                                             Norm of      First-order   Trust-region
 Iteration  Func-count     ||f(x)||^2           step       optimality         radius
     0          4         0.000304424                         0.00179              1
     1          8         6.56047e-05       0.166492          0.00399              1
     2         12         5.83671e-11      0.0226265         3.75e-06              1
     3         16          3.1229e-22    1.67704e-05          8.7e-12              1

Equation solved.

fsolve completed because the vector of function values is near zero
as measured by the value of the function tolerance, and
the problem appears regular as measured by the gradient.

Iteration: 35

                                             Norm of      First-order   Trust-region
 Iteration  Func-count     ||f(x)||^2           step       optimality         radius
     0          4         0.000304424                         0.00178              1
     1          8         5.95963e-05       0.163274          0.00381              1
     2         12         4.28238e-11      0.0214524         3.22e-06              1
     3         16         2.79287e-22    1.31967e-05         8.25e-12              1

Equation solved.

fsolve completed because the vector of function values is near zero
as measured by the value of the function tolerance, and
the problem appears regular as measured by the gradient.

Iteration: 36

                                             Norm of      First-order   Trust-region
 Iteration  Func-count     ||f(x)||^2           step       optimality         radius
     0          4         0.000304424                         0.00178              1
     1          8         5.27411e-05       0.172519          0.00359              1
     2         12         2.82651e-11       0.020292         2.62e-06              1
     3         16         1.40701e-22    9.97487e-06         5.88e-12              1

Equation solved.

fsolve completed because the vector of function values is near zero
as measured by the value of the function tolerance, and
the problem appears regular as measured by the gradient.

Iteration: 37

                                             Norm of      First-order   Trust-region
 Iteration  Func-count     ||f(x)||^2           step       optimality         radius
     0          4         0.000304424                         0.00178              1
     1          8         4.52681e-05       0.192525          0.00335              1
     2         12         1.57029e-11      0.0191442         1.96e-06              1
     3         16         6.38933e-23    7.18336e-06         3.98e-12              1

Equation solved.

fsolve completed because the vector of function values is near zero
as measured by the value of the function tolerance, and
the problem appears regular as measured by the gradient.

Iteration: 38

                                             Norm of      First-order   Trust-region
 Iteration  Func-count     ||f(x)||^2           step       optimality         radius
     0          4         0.000304424                         0.00177              1
     1          8         3.74577e-05       0.220411          0.00306              1
     2         12          6.2337e-12      0.0180083         1.24e-06              1
     3         16          3.8733e-23    5.11887e-06         3.12e-12              1

Equation solved.

fsolve completed because the vector of function values is near zero
as measured by the value of the function tolerance, and
the problem appears regular as measured by the gradient.

Iteration: 39
âœ“ Progress: 40/73 iterations (54.8%)
 Memory cleanup at iteration 40

                                             Norm of      First-order   Trust-region
 Iteration  Func-count     ||f(x)||^2           step       optimality         radius
     0          4         0.000304424                         0.00177              1
     1          8         2.96314e-05       0.253574          0.00294              1
     2         12         9.01281e-13      0.0168851         5.26e-07              1

Equation solved.

fsolve completed because the vector of function values is near zero
as measured by the value of the function tolerance, and
the problem appears regular as measured by the gradient.

Iteration: 40

                                             Norm of      First-order   Trust-region
 Iteration  Func-count     ||f(x)||^2           step       optimality         radius
     0          4         0.000304431                         0.00176              1
     1          8         2.21386e-05        0.29015          0.00301              1
     2         12         5.34951e-13      0.0157772         4.43e-07              1

Equation solved.

fsolve completed because the vector of function values is near zero
as measured by the value of the function tolerance, and
the problem appears regular as measured by the gradient.

Iteration: 41

                                             Norm of      First-order   Trust-region
 Iteration  Func-count     ||f(x)||^2           step       optimality         radius
     0          4         0.000304428                         0.00176              1
     1          8         1.53205e-05       0.328914          0.00287              1
     2         12         5.64399e-12      0.0146865         1.76e-06              1
     3         16         2.96197e-25    7.67394e-06         4.09e-13              1

Equation solved.

fsolve completed because the vector of function values is near zero
as measured by the value of the function tolerance, and
the problem appears regular as measured by the gradient.

Iteration: 42

                                             Norm of      First-order   Trust-region
 Iteration  Func-count     ||f(x)||^2           step       optimality         radius
     0          4         0.000304424                         0.00175              1
     1          8         9.50395e-06       0.369052          0.00253              1
     2         12         1.62763e-11      0.0136189         3.38e-06              1
     3         16         3.75641e-24    1.00586e-05         1.64e-12              1

Equation solved.

fsolve completed because the vector of function values is near zero
as measured by the value of the function tolerance, and
the problem appears regular as measured by the gradient.

Iteration: 43

                                             Norm of      First-order   Trust-region
 Iteration  Func-count     ||f(x)||^2           step       optimality         radius
     0          4         0.000304424                         0.00173              1
     1          8         4.96194e-06        0.41001            0.002              1
     2         12         3.19203e-11      0.0125819         5.24e-06           1.03
     3         16         1.66858e-23    1.25435e-05         3.81e-12           1.03

Equation solved.

fsolve completed because the vector of function values is near zero
as measured by the value of the function tolerance, and
the problem appears regular as measured by the gradient.

Iteration: 44

                                             Norm of      First-order   Trust-region
 Iteration  Func-count     ||f(x)||^2           step       optimality         radius
     0          4         0.000304424                         0.00171              1
     1          8         1.88305e-06       0.451389          0.00129              1
     2         12         5.14749e-11      0.0115853         7.25e-06           1.13
     3         16         3.36735e-23     1.5028e-05         5.89e-12           1.13

Equation solved.

fsolve completed because the vector of function values is near zero
as measured by the value of the function tolerance, and
the problem appears regular as measured by the gradient.

Iteration: 45

                                             Norm of      First-order   Trust-region
 Iteration  Func-count     ||f(x)||^2           step       optimality         radius
     0          4         0.000304424                         0.00169              1
     1          8         3.50186e-07       0.492881         0.000447              1
     2         12         7.32917e-11      0.0106421         9.29e-06           1.23
     3         16         6.03699e-23    1.74374e-05         8.46e-12           1.23

Equation solved.

fsolve completed because the vector of function values is near zero
as measured by the value of the function tolerance, and
the problem appears regular as measured by the gradient.

Iteration: 46

                                             Norm of      First-order   Trust-region
 Iteration  Func-count     ||f(x)||^2           step       optimality         radius
     0          4         0.000304424                         0.00166              1
     1          8         3.20589e-07       0.534234         0.000496              1
     2         12         9.53478e-11     0.00976943         1.12e-05           1.34
     3         16         8.23645e-23    1.96993e-05         1.05e-11           1.34

Equation solved.

fsolve completed because the vector of function values is near zero
as measured by the value of the function tolerance, and
the problem appears regular as measured by the gradient.

Iteration: 47

                                             Norm of      First-order   Trust-region
 Iteration  Func-count     ||f(x)||^2           step       optimality         radius
     0          4         0.000304424                         0.00162              1
     1          8         1.61437e-06       0.575226          0.00148              1
     2         12         1.15423e-10     0.00898897          1.3e-05           1.44
     3         16         1.22737e-22    2.17321e-05         1.34e-11           1.44

Equation solved.

fsolve completed because the vector of function values is near zero
as measured by the value of the function tolerance, and
the problem appears regular as measured by the gradient.

Iteration: 48

                                             Norm of      First-order   Trust-region
 Iteration  Func-count     ||f(x)||^2           step       optimality         radius
     0          4         0.000304424                         0.00157              1
     1          8         3.91768e-06       0.615652          0.00244              1
     2         12         1.31211e-10     0.00832569         1.43e-05           1.54
     3         16         1.93227e-22    2.34361e-05         1.74e-11           1.54

Equation solved.

fsolve completed because the vector of function values is near zero
as measured by the value of the function tolerance, and
the problem appears regular as measured by the gradient.

Iteration: 49
âœ“ Progress: 50/73 iterations (68.5%)

                                             Norm of      First-order   Trust-region
 Iteration  Func-count     ||f(x)||^2           step       optimality         radius
     0          4         0.000304424                         0.00151              1
     1          8         6.79641e-06       0.655308          0.00331              1
     2         12         1.40791e-10     0.00780696         1.52e-05           1.64
     3         16         3.70686e-22    2.47067e-05         2.47e-11           1.64

Equation solved.

fsolve completed because the vector of function values is near zero
as measured by the value of the function tolerance, and
the problem appears regular as measured by the gradient.

Iteration: 50

                                             Norm of      First-order   Trust-region
 Iteration  Func-count     ||f(x)||^2           step       optimality         radius
     0          4         0.000304424                         0.00144              1
     1          8         9.72758e-06       0.693986          0.00402              1
     2         12         1.42979e-10     0.00745707         1.55e-05           1.73
     3         16         2.69123e-22    2.54457e-05         2.13e-11           1.73

Equation solved.

fsolve completed because the vector of function values is near zero
as measured by the value of the function tolerance, and
the problem appears regular as measured by the gradient.

Iteration: 51

                                             Norm of      First-order   Trust-region
 Iteration  Func-count     ||f(x)||^2           step       optimality         radius
     0          4         0.000304424                         0.00137              1
     1          8         1.21427e-05        0.73146           0.0045              1
     2         12         1.37004e-10     0.00729065         1.52e-05           1.83
     3         16         1.87961e-22    2.55367e-05         1.78e-11           1.83

Equation solved.

fsolve completed because the vector of function values is near zero
as measured by the value of the function tolerance, and
the problem appears regular as measured by the gradient.

Iteration: 52

                                             Norm of      First-order   Trust-region
 Iteration  Func-count     ||f(x)||^2           step       optimality         radius
     0          4         0.000304424                         0.00127              1
     1          8         1.34976e-05       0.767475          0.00469              1
     2         12         1.23278e-10     0.00730644         1.42e-05           1.92
     3         16         2.59682e-22    2.48869e-05         2.07e-11           1.92

Equation solved.

fsolve completed because the vector of function values is near zero
as measured by the value of the function tolerance, and
the problem appears regular as measured by the gradient.

Iteration: 53

                                             Norm of      First-order   Trust-region
 Iteration  Func-count     ||f(x)||^2           step       optimality         radius
     0          4         0.000304424                         0.00117              1
     1          8         1.33494e-05       0.801735          0.00455              1
     2         12          1.0315e-10     0.00748703         1.27e-05              2
     3         16         1.76665e-22    2.34232e-05         1.66e-11              2

Equation solved.

fsolve completed because the vector of function values is near zero
as measured by the value of the function tolerance, and
the problem appears regular as measured by the gradient.

Iteration: 54

                                             Norm of      First-order   Trust-region
 Iteration  Func-count     ||f(x)||^2           step       optimality         radius
     0          4         0.000304424                         0.00106              1
     1          8          1.1469e-05       0.833882          0.00405              1
     2         12         7.87841e-11     0.00780709         1.06e-05           2.08
     3         16         1.42469e-22    2.10994e-05         1.43e-11           2.08

Equation solved.

fsolve completed because the vector of function values is near zero
as measured by the value of the function tolerance, and
the problem appears regular as measured by the gradient.

Iteration: 55

                                             Norm of      First-order   Trust-region
 Iteration  Func-count     ||f(x)||^2           step       optimality         radius
     0          4         0.000304424                        0.000936              1
     1          8         7.99904e-06        0.86347          0.00319              1
     2         12         5.29465e-11     0.00825119         8.23e-06           2.16
     3         16         4.72799e-23    1.79012e-05          7.8e-12           2.16

Equation solved.

fsolve completed because the vector of function values is near zero
as measured by the value of the function tolerance, and
the problem appears regular as measured by the gradient.

Iteration: 56

                                             Norm of      First-order   Trust-region
 Iteration  Func-count     ||f(x)||^2           step       optimality         radius
     0          4         0.000304424                          0.0008              1
     1          8         3.70734e-06       0.889926            0.002              1
     2         12         2.89702e-11     0.00884569         5.63e-06           2.22
     3         16         1.51129e-23    1.38721e-05         4.08e-12           2.22

Equation solved.

fsolve completed because the vector of function values is near zero
as measured by the value of the function tolerance, and
the problem appears regular as measured by the gradient.

Iteration: 57

                                             Norm of      First-order   Trust-region
 Iteration  Func-count     ||f(x)||^2           step       optimality         radius
     0          4         0.000304424                        0.000654              1
     1          8         3.98655e-07       0.912499         0.000552              1
     2         12         1.04326e-11     0.00971861         3.04e-06           2.28
     3         16         1.33376e-23    9.15246e-06         3.45e-12           2.28

Equation solved.

fsolve completed because the vector of function values is near zero
as measured by the value of the function tolerance, and
the problem appears regular as measured by the gradient.

Iteration: 58

                                             Norm of      First-order   Trust-region
 Iteration  Func-count     ||f(x)||^2           step       optimality         radius
     0          4         0.000304424                        0.000499              1
     1          8         1.69418e-06       0.930182          0.00104              1
     2         12         7.50022e-13      0.0112082         7.04e-07           2.33

Equation solved.

fsolve completed because the vector of function values is near zero
as measured by the value of the function tolerance, and
the problem appears regular as measured by the gradient.

Iteration: 59
âœ“ Progress: 60/73 iterations (82.2%)
 Memory cleanup at iteration 60

                                             Norm of      First-order   Trust-region
 Iteration  Func-count     ||f(x)||^2           step       optimality         radius
     0          4         0.000304423                        0.000348              1
     1          8         1.45336e-05       0.941615          0.00258              1
     2         12         2.51967e-12      0.0140168         1.08e-06           2.35
     3         16             1.6e-24    2.08379e-06         8.59e-13           2.35

Equation solved.

fsolve completed because the vector of function values is near zero
as measured by the value of the function tolerance, and
the problem appears regular as measured by the gradient.

Iteration: 60

                                             Norm of      First-order   Trust-region
 Iteration  Func-count     ||f(x)||^2           step       optimality         radius
     0          4         0.000304424                        0.000346              1
     1          8         5.22538e-05       0.944971          0.00376              1
     2         12         1.47591e-11      0.0193636            2e-06              1
     3         16         2.17178e-23    6.72754e-06         2.42e-12              1

Equation solved.

fsolve completed because the vector of function values is near zero
as measured by the value of the function tolerance, and
the problem appears regular as measured by the gradient.

Iteration: 61

                                             Norm of      First-order   Trust-region
 Iteration  Func-count     ||f(x)||^2           step       optimality         radius
     0          4         0.000304424                        0.000343              1
     1          8         0.000141274       0.937918          0.00459              1
     2         12         2.64648e-11      0.0292256         1.99e-06              1
     3         16         5.94735e-22    1.34508e-05         9.44e-12              1

Equation solved.

fsolve completed because the vector of function values is near zero
as measured by the value of the function tolerance, and
the problem appears regular as measured by the gradient.

Iteration: 62

                                             Norm of      First-order   Trust-region
 Iteration  Func-count     ||f(x)||^2           step       optimality         radius
     0          4         0.000304424                        0.000339              1
     1          5         0.000304424       0.918025         0.000339              1
     2          9         0.000179793       0.229506          0.00126           0.23
     3         13         5.64458e-05       0.573766           0.0027          0.574
     4         17         1.69024e-07        0.12102         0.000155          0.574
     5         21         5.65421e-18     0.00103757         8.81e-10          0.574

Equation solved.

fsolve completed because the vector of function values is near zero
as measured by the value of the function tolerance, and
the problem appears regular as measured by the gradient.

Iteration: 63

                                             Norm of      First-order   Trust-region
 Iteration  Func-count     ||f(x)||^2           step       optimality         radius
     0          4         0.000304424                        0.000405              1
     1          5         0.000304424       0.885272         0.000405              1
     2          9         0.000189055       0.221318          0.00186          0.221
     3         13         7.52044e-05       0.221318         0.000579          0.221
     4         17         4.66489e-05       0.447731          0.00254          0.553
     5         21         1.05982e-12      0.0199723          3.8e-07          0.553

Equation solved.

fsolve completed because the vector of function values is near zero
as measured by the value of the function tolerance, and
the problem appears regular as measured by the gradient.

Iteration: 64

                                             Norm of      First-order   Trust-region
 Iteration  Func-count     ||f(x)||^2           step       optimality         radius
     0          4         0.000304418                        0.000609              1
     1          5         0.000304418       0.854074         0.000609              1
     2          9         0.000187401       0.213519           0.0016          0.214
     3         13         8.51959e-05       0.213519         0.000983          0.214
     4         14         8.51959e-05       0.447793         0.000983          0.534
     5         18         4.56172e-05       0.111948         0.000319          0.112
     6         22         2.83309e-05        0.27987          0.00193           0.28
     7         26         1.23288e-07       0.072699         0.000134           0.28
     8         30          1.5071e-17     0.00127298         1.48e-09           0.28

Equation solved.

fsolve completed because the vector of function values is near zero
as measured by the value of the function tolerance, and
the problem appears regular as measured by the gradient.

Iteration: 65

                                             Norm of      First-order   Trust-region
 Iteration  Func-count     ||f(x)||^2           step       optimality         radius
     0          4         0.000304424                        0.000822              1
     1          5         0.000304424       0.905492         0.000822              1
     2          9         0.000195885       0.226373          0.00193          0.226
     3         13         9.98785e-05       0.226373          0.00182          0.226
     4         17         4.50659e-05       0.226373          0.00211          0.226
     5         21          1.6892e-05       0.226373          0.00227          0.226
     6         25         2.92121e-06       0.168615          0.00124          0.226
     7         29          1.8157e-14      0.0082907         9.74e-08          0.226

Equation solved.

fsolve completed because the vector of function values is near zero
as measured by the value of the function tolerance, and
the problem appears regular as measured by the gradient.

Iteration: 66

                                             Norm of      First-order   Trust-region
 Iteration  Func-count     ||f(x)||^2           step       optimality         radius
     0          4         0.000304423                         0.00105              1
     1          5         0.000304423              1          0.00105              1
     2          9         0.000220613           0.25          0.00311           0.25
     3         13         0.000142825           0.25          0.00258           0.25
     4         17         9.01368e-05           0.25          0.00249           0.25
     5         21         5.32208e-05           0.25          0.00235           0.25
     6         25         2.85666e-05           0.25          0.00221           0.25
     7         29         1.32468e-05           0.25          0.00206           0.25
     8         33          5.0257e-06           0.25          0.00192           0.25
     9         37         2.14972e-06       0.249534          0.00178           0.25
    10         41         1.44583e-14      0.0117938         1.38e-07           0.25

Equation solved.

fsolve completed because the vector of function values is near zero
as measured by the value of the function tolerance, and
the problem appears regular as measured by the gradient.

Iteration: 67

                                             Norm of      First-order   Trust-region
 Iteration  Func-count     ||f(x)||^2           step       optimality         radius
     0          4         0.000304423                         0.00127              1
     1          5         0.000304423              1          0.00127              1
     2          9          0.00026033           0.25          0.00181           0.25
     3         13         0.000231319          0.625           0.0106          0.625
     4         17         0.000145009          0.625          0.00814          0.625
     5         21          9.6044e-05          0.625          0.00705          0.625
     6         25          6.2893e-05          0.625          0.00603          0.625
     7         29         4.06218e-05          0.625          0.00515          0.625
     8         33         2.56356e-05          0.625          0.00437          0.625
     9         37         1.56134e-05          0.625          0.00367          0.625
    10         41         9.00827e-06          0.625          0.00303          0.625
    11         45         4.76999e-06          0.625          0.00245          0.625
    12         49          2.1741e-06          0.625          0.00189          0.625
    13         53         7.25814e-07          0.625          0.00134          0.625
    14         57         6.42125e-08       0.529126          0.00052          0.625
    15         61         2.62109e-12      0.0241492          3.6e-06           1.32
    16         65         7.12505e-22    8.76257e-05         5.94e-11           1.32

Equation solved.

fsolve completed because the vector of function values is near zero
as measured by the value of the function tolerance, and
the problem appears regular as measured by the gradient.

Iteration: 68

                                             Norm of      First-order   Trust-region
 Iteration  Func-count     ||f(x)||^2           step       optimality         radius
     0          4         0.000304424                         0.00135              1
     1          8         0.000284337              1          0.00253              1
     2         12         0.000268493              1         0.000642              1
     3         16         0.000258541              1          0.00085              1
     4         20         0.000252868              1          0.00223              1
     5         24         0.000250521              1          0.00356              1
     6         25         0.000250521              1          0.00356              1
     7         29          0.00024742           0.25         0.000244           0.25
     8         33         0.000246185           0.25         0.000239           0.25
     9         37         0.000245043           0.25         0.000255           0.25
    10         41         0.000243986           0.25         0.000275           0.25
    11         45         0.000243004           0.25         0.000295           0.25
    12         49         0.000242091           0.25         0.000315           0.25
    13         53         0.000241239           0.25         0.000334           0.25
    14         57          0.00024044           0.25         0.000353           0.25
    15         61         0.000239687           0.25         0.000372           0.25
    16         65         0.000238974           0.25         0.000391           0.25
    17         69         0.000238292           0.25         0.000409           0.25
    18         73         0.000237637           0.25         0.000427           0.25
    19         77         0.000236999           0.25         0.000445           0.25
    20         81         0.000236374           0.25         0.000463           0.25
    21         85         0.000235754           0.25          0.00048           0.25
    22         89         0.000235132           0.25         0.000498           0.25
    23         93         0.000234502           0.25         0.000515           0.25
    24         97         0.000233857           0.25         0.000532           0.25
    25        101         0.000233191           0.25          0.00055           0.25
    26        105         0.000232496           0.25         0.000567           0.25
    27        109         0.000231766           0.25         0.000584           0.25
    28        113         0.000230994           0.25         0.000601           0.25
    29        117         0.000230173           0.25         0.000617           0.25
    30        121         0.000229297           0.25         0.000634           0.25
    31        125         0.000228358           0.25         0.000651           0.25
    32        129         0.000227349           0.25         0.000668           0.25
    33        133         0.000226263           0.25         0.000684           0.25
    34        137         0.000225093           0.25         0.000701           0.25
    35        141         0.000223831           0.25         0.000718           0.25
    36        145         0.000222471           0.25         0.000734           0.25
    37        149         0.000221004           0.25         0.000751           0.25
    38        153         0.000219424           0.25         0.000768           0.25
    39        157         0.000217722           0.25         0.000784           0.25
    40        161         0.000215892           0.25         0.000801           0.25
    41        165         0.000213924           0.25         0.000818           0.25
    42        169         0.000211812           0.25         0.000834           0.25
    43        173         0.000209548           0.25         0.000851           0.25
    44        177         0.000207124           0.25         0.000868           0.25
    45        181         0.000204532           0.25         0.000884           0.25
    46        185         0.000201764           0.25         0.000901           0.25
    47        189         0.000198813           0.25         0.000918           0.25
    48        193         0.000195671           0.25         0.000935           0.25
    49        197          0.00019233           0.25         0.000952           0.25
    50        201         0.000188785           0.25         0.000969           0.25
    51        205         0.000185026           0.25         0.000986           0.25
    52        209         0.000181049           0.25            0.001           0.25
    53        213         0.000176846           0.25          0.00102           0.25
    54        217          0.00017132          0.625          0.00691          0.625
    55        221         0.000160331          0.625          0.00716          0.625
    56        225         0.000147719          0.625          0.00742          0.625
    57        229         0.000133404          0.625          0.00769          0.625
    58        233         0.000117379          0.625          0.00795          0.625
    59        237         9.97404e-05          0.625          0.00821          0.625
    60        241           8.074e-05          0.625          0.00847          0.625
    61        245          6.0886e-05          0.625          0.00872          0.625
    62        249          4.1115e-05          0.625          0.00896          0.625
    63        253         2.31093e-05          0.625          0.00917          0.625
    64        257          1.0029e-05          0.625          0.00932          0.625
    65        261         3.93908e-07       0.304805          0.00218          0.625
    66        265         1.61657e-12      0.0146259         4.41e-06          0.762
    67        269          5.3385e-25    6.57205e-06         2.53e-12          0.762

Equation solved.

fsolve completed because the vector of function values is near zero
as measured by the value of the function tolerance, and
the problem appears regular as measured by the gradient.

Iteration: 69
âœ“ Progress: 70/73 iterations (95.9%)

                                             Norm of      First-order   Trust-region
 Iteration  Func-count     ||f(x)||^2           step       optimality         radius
     0          4         0.000304424                         0.00065              1
     1          8         0.000251515              1           0.0241              1
     2         12         0.000151513              1           0.0242              1
     3         16         6.79615e-05              1           0.0237              1
     4         20         2.12551e-06       0.507675          0.00496              1
     5         24         6.56474e-11        0.03501         2.76e-05           1.27
     6         28         6.09664e-22    3.56453e-05         8.41e-11           1.27

Equation solved.

fsolve completed because the vector of function values is near zero
as measured by the value of the function tolerance, and
the problem appears regular as measured by the gradient.

Iteration: 70

                                             Norm of      First-order   Trust-region
 Iteration  Func-count     ||f(x)||^2           step       optimality         radius
     0          4         0.000304424                         0.00125              1
     1          8         9.05214e-05              1           0.0173              1
     2         12         1.92223e-07       0.575814          0.00138              1
     3         16         1.47193e-10      0.0410486            4e-05           1.44
     4         20         6.15352e-22    6.00707e-05         8.19e-11           1.44

Equation solved.

fsolve completed because the vector of function values is near zero
as measured by the value of the function tolerance, and
the problem appears regular as measured by the gradient.

Iteration: 71

                                             Norm of      First-order   Trust-region
 Iteration  Func-count     ||f(x)||^2           step       optimality         radius
     0          4         0.000304424                          0.0016              1
     1          8         2.05815e-05       0.982982           0.0144              1
     2         12          2.3641e-09      0.0795993         0.000154           2.46
     3         16         1.72501e-19    0.000321312         1.32e-09           2.46

Equation solved.

fsolve completed because the vector of function values is near zero
as measured by the value of the function tolerance, and
the problem appears regular as measured by the gradient.

Saving dataset at iteration 72
  Trajectories to save: 72 (first 72 rows of DataSet)
  Last angle to save: 355.0Â°
âœ“ Learning data saved to: c:\Users\josel\MATLAB\Projects\ClampedPinnedRodSolver\dataset\MATLAB code\Learning_Data_ClampedPinned_Rod_IK\Learning DataSet\LearnigData_Rod_Clamp_Pin_Rot_X02_Y00_72sols_mode2.mat (save at iteration 72)
âœ“ Dataset contains 72 trajectories (angles 0Â° to 355.0Â°)
Iteration: 72

                                             Norm of      First-order   Trust-region
 Iteration  Func-count     ||f(x)||^2           step       optimality         radius
     0          4         0.000304424                         0.00185              1
     1          8         7.24063e-05       0.818434            0.026              1
     2         12         7.15309e-12      0.0255199         8.18e-06              1
     3         16         2.30466e-23    2.86742e-05         1.47e-11              1

Equation solved.

fsolve completed because the vector of function values is near zero
as measured by the value of the function tolerance, and
the problem appears regular as measured by the gradient.

Iteration: 73
ðŸ§¹ Final memory cleanup after 73 iterations
âœ“ Memory cleanup completed
âœ“ Computational loop finished successfully
âœ“ MATLAB solver execution completed

=== CHECKING FOR SAVED DATASET ===
âœ“ Successfully retrieved saved DataSet_temp from MATLAB workspace
Generated DataSet size: (72, 211)
Number of saved trajectories: 72
Data points per trajectory: 211
Angular range covered: 0Â° to 360.0Â° (72 trajectories saved, last at 355.0Â°)
Save point was configured for iteration 72 (from a total of 73)
âœ“ Dataset information stored for final analysis

=== DATASET SAVE CHECK ===
DataSet exists with 73 trajectories
Expected save point: 72
Total planned trajectories: 72
CASE: Computation continued beyond save point (already saved at 72)
Skipping final save to preserve correct trajectory count
No save needed - data already saved correctly at iteration 72

=== SAVING FIGURES ===
Figures folder: c:\Users\josel\MATLAB\Projects\ClampedPinnedRodSolver\dataset\MATLAB code\Learning_Data_ClampedPinned_Rod_IK\Rotate_Clamp\Rotated_Clamp\Figures\2025-08-27_19-58-14_mode_2_X02_Y00

--- FIGURE VALIDITY CHECK ---
âœ“ fig1 exists and is valid
âœ“ fig2 exists and is valid
âœ“ fig3 exists and is valid
âœ“ fig4 exists and is valid
âœ“ fig5 exists and is valid
--- END FIGURE VALIDITY CHECK ---

âœ“ Saved motion plot: 2025-08-27_19-58-14_mode_2_X02_Y00_Motion_Plot
âœ“ Saved phase plot: 2025-08-27_19-58-14_mode_2_X02_Y00_Phase_Plot
âœ“ Saved theta vs initial curvature plot: 2025-08-27_19-58-14_mode_2_X02_Y00_Theta_vs_Initial_Curvature
âœ“ Saved theta vs R plot: 2025-08-27_19-58-14_mode_2_X02_Y00_Theta_vs_R
âœ“ Saved theta vs psi plot: 2025-08-27_19-58-14_mode_2_X02_Y00_Theta_vs_Psi

=== FIGURES SAVED ===
All plots saved to: c:\Users\josel\MATLAB\Projects\ClampedPinnedRodSolver\dataset\MATLAB code\Learning_Data_ClampedPinned_Rod_IK\Rotate_Clamp\Rotated_Clamp\Figures\2025-08-27_19-58-14_mode_2_X02_Y00
Saved figures:
- 2025-08-27_19-58-14_mode_2_X02_Y00_Loaded_Rod.png/.fig (Initial rod shape)
- 2025-08-27_19-58-14_mode_2_X02_Y00_Loaded_Rod_Theta_vs_S.png/.fig (Theta vs S)
- 2025-08-27_19-58-14_mode_2_X02_Y00_Loaded_Rod_Curvature_vs_S.png/.fig (Curvature vs S)
- 2025-08-27_19-58-14_mode_2_X02_Y00_Loaded_Rod_Curvature_vs_Theta.png/.fig (Curvature vs Theta)
- 2025-08-27_19-58-14_mode_2_X02_Y00_Motion_Plot.png/.fig (Motion plot)
- 2025-08-27_19-58-14_mode_2_X02_Y00_Phase_Plot.png/.fig (Phase plot)
- 2025-08-27_19-58-14_mode_2_X02_Y00_Theta_vs_Initial_Curvature.png/.fig (Theta vs Initial Curvature)
- 2025-08-27_19-58-14_mode_2_X02_Y00_Theta_vs_R.png/.fig (Theta vs R)
- 2025-08-27_19-58-14_mode_2_X02_Y00_Theta_vs_Psi.png/.fig (Theta vs Psi)
Total figures saved: 9 plots (18 files with .png and .fig formats)
âœ“ Data already saved: 72 trajectories (saved at early termination)

=== MATLAB SOLVER RESULTS ===
âœ“ Learning data generation completed successfully

--- COMPLETE COMPUTATION INFO ---
Total computed trajectories: 73
Full angular range computed: 0Â° to 360.0Â°
All iterations (1 to 73) were computed successfully

--- SAVED DATASET INFO ---
Generated DataSet size: (72, 211)
Number of saved trajectories: 72
Data points per trajectory: 211
Angular range covered: 0Â° to 360.0Â° (computation reached this angle)
Last saved trajectory at: 355.0Â°
âœ“ Saved at configured iteration 72: 72 trajectories
âœ“ Dataset excludes 1 trajectories beyond 355.0Â° (computation continued for visualization)

=== FINAL SOLVER STATUS ===
âœ“ Dataset file found: LearnigData_Rod_Clamp_Pin_Rot_X02_Y00_72sols_mode2.mat
âœ“ Learning data generation completed successfully
âœ“ Generated 72 trajectories
âœ“ Dataset saved to file

âœ… CLAMP FIXED ROD SOLVER COMPLETED SUCCESSFULLY
âœ… Learning data generated successfully

============================================================
STEP 3: Splitting dataset for training/testing...
============================================================
ðŸ”„ Starting split_dataset_for_training...

============================================================
DATASET SPLITTING FOR TRAINING/TESTING
============================================================
Train ratio: 0.85 (85% training, 15% testing)

ðŸ”„ Loading dataset from saved file...
   Loading dataset from: dataset\MATLAB code\Learning_Data_ClampedPinned_Rod_IK\Learning DataSet\LearnigData_Rod_Clamp_Pin_Rot_X02_Y00_72sols_mode2.mat
DataSet variable not found in .mat file

âœ“ Successfully loaded DataSet from saved file
âœ“ Changed MATLAB working directory to: c:/Users/josel/MATLAB/Projects/ClampedPinnedRodSolver/dataset/MATLAB code/Learning_Data_ClampedPinned_Rod_IK/Learning DataSet
Dataset size: 72 trajectories Ã— 211 data points
Split sizes:
  - Training: 61 trajectories (84.7%)
  - Testing:  11 trajectories (15.3%)

ðŸ’¾ Saving split datasets...
  - Saving training set...
    âœ“ dataset\MATLAB code\Learning_Data_ClampedPinned_Rod_IK\Learning DataSet\LearnigData_Rod_Clamp_Pin_Rot_X02_Y00_mode2_train_085.mat
    âœ“ dataset\MATLAB code\Learning_Data_ClampedPinned_Rod_IK\Learning DataSet\LearnigData_Rod_Clamp_Pin_Rot_X02_Y00_mode2_train_085.jld2
  - Saving testing set...
    âœ“ dataset\MATLAB code\Learning_Data_ClampedPinned_Rod_IK\Learning DataSet\LearnigData_Rod_Clamp_Pin_Rot_X02_Y00_mode2_test_015.mat
    âœ“ dataset\MATLAB code\Learning_Data_ClampedPinned_Rod_IK\Learning DataSet\LearnigData_Rod_Clamp_Pin_Rot_X02_Y00_mode2_test_015.jld2

============================================================
âœ“ DATASET SPLITTING COMPLETED SUCCESSFULLY!
============================================================
Generated files:
  Training: dataset\MATLAB code\Learning_Data_ClampedPinned_Rod_IK\Learning DataSet\LearnigData_Rod_Clamp_Pin_Rot_X02_Y00_mode2_train_085.mat, dataset\MATLAB code\Learning_Data_ClampedPinned_Rod_IK\Learning DataSet\LearnigData_Rod_Clamp_Pin_Rot_X02_Y00_mode2_train_085.jld2
  Testing:  dataset\MATLAB code\Learning_Data_ClampedPinned_Rod_IK\Learning DataSet\LearnigData_Rod_Clamp_Pin_Rot_X02_Y00_mode2_test_015.mat, dataset\MATLAB code\Learning_Data_ClampedPinned_Rod_IK\Learning DataSet\LearnigData_Rod_Clamp_Pin_Rot_X02_Y00_mode2_test_015.jld2
âœ… Dataset split successfully

============================================================
âœ… COMPLETE PIPELINE FINISHED SUCCESSFULLY!
============================================================

================================================================================
PIPELINE COMPLETED
End time: 2025-08-27T20:00:24.060
================================================================================
